<?xml version="1.0" encoding="UTF-8"?>
<!-- Generated by org.testng.reporters.JUnitXMLReporter -->
<testsuite ignored="0" hostname="LAPTOP-7FRJBO5L" failures="1" tests="1" name="Default test" time="0.203" errors="0" timestamp="2021-12-01T05:42:06 IST">
  <testcase classname="com.testng.SoftAssert" name="softAssert" time="0.149">
    <failure type="java.lang.StackOverflowError">
      <![CDATA[java.lang.StackOverflowError
at java.base/java.nio.CharBuffer.position(CharBuffer.java:1158)
at java.base/java.nio.CharBuffer.position(CharBuffer.java:263)
at java.base/sun.nio.cs.SingleByte.withResult(SingleByte.java:44)
at java.base/sun.nio.cs.SingleByte$Encoder.encodeArrayLoop(SingleByte.java:199)
at java.base/sun.nio.cs.SingleByte$Encoder.encodeLoop(SingleByte.java:232)
at java.base/java.nio.charset.CharsetEncoder.encode(CharsetEncoder.java:576)
at java.base/sun.nio.cs.StreamEncoder.implWrite(StreamEncoder.java:292)
at java.base/sun.nio.cs.StreamEncoder.implWrite(StreamEncoder.java:281)
at java.base/sun.nio.cs.StreamEncoder.write(StreamEncoder.java:125)
at java.base/java.io.OutputStreamWriter.write(OutputStreamWriter.java:208)
at java.base/java.io.BufferedWriter.flushBuffer(BufferedWriter.java:120)
at java.base/java.io.PrintStream.write(PrintStream.java:605)
at java.base/java.io.PrintStream.print(PrintStream.java:745)
at java.base/java.io.PrintStream.println(PrintStream.java:882)
at com.testng.SoftAssert.softAssert(SoftAssert.java:12)
at com.testng.SoftAssert.softAssert(SoftAssert.java:13)
at com.testng.SoftAssert.softAssert(SoftAssert.java:13)
at com.testng.SoftAssert.softAssert(SoftAssert.java:13)
at com.testng.SoftAssert.softAssert(SoftAssert.java:13)
at com.testng.SoftAssert.softAssert(SoftAssert.java:13)
at com.testng.SoftAssert.softAssert(SoftAssert.java:13)
at com.testng.SoftAssert.softAssert(SoftAssert.java:13)
at com.testng.SoftAssert.softAssert(SoftAssert.java:13)
at com.testng.SoftAssert.softAssert(SoftAssert.java:13)
at com.testng.SoftAssert.softAssert(SoftAssert.java:13)
at com.testng.SoftAssert.softAssert(SoftAssert.java:13)
at com.testng.SoftAssert.softAssert(SoftAssert.java:13)
at com.testng.SoftAssert.softAssert(SoftAssert.java:13)
at com.testng.SoftAssert.softAssert(SoftAssert.java:13)
at com.testng.SoftAssert.softAssert(SoftAssert.java:13)
at com.testng.SoftAssert.softAssert(SoftAssert.java:13)
at com.testng.SoftAssert.softAssert(SoftAssert.java:13)
at com.testng.SoftAssert.softAssert(SoftAssert.java:13)
at com.testng.SoftAssert.softAssert(SoftAssert.java:13)
at com.testng.SoftAssert.softAssert(SoftAssert.java:13)
at com.testng.SoftAssert.softAssert(SoftAssert.java:13)
at com.testng.SoftAssert.softAssert(SoftAssert.java:13)
at com.testng.SoftAssert.softAssert(SoftAssert.java:13)
at com.testng.SoftAssert.softAssert(SoftAssert.java:13)
at com.testng.SoftAssert.softAssert(SoftAssert.java:13)
at com.testng.SoftAssert.softAssert(SoftAssert.java:13)
at com.testng.SoftAssert.softAssert(SoftAssert.java:13)
at com.testng.SoftAssert.softAssert(SoftAssert.java:13)
at com.testng.SoftAssert.softAssert(SoftAssert.java:13)
at com.testng.SoftAssert.softAssert(SoftAssert.java:13)
at com.testng.SoftAssert.softAssert(SoftAssert.java:13)
at com.testng.SoftAssert.softAssert(SoftAssert.java:13)
at com.testng.SoftAssert.softAssert(SoftAssert.java:13)
at com.testng.SoftAssert.softAssert(SoftAssert.java:13)
at com.testng.SoftAssert.softAssert(SoftAssert.java:13)
at com.testng.SoftAssert.softAssert(SoftAssert.java:13)
at com.testng.SoftAssert.softAssert(SoftAssert.java:13)
at com.testng.SoftAssert.softAssert(SoftAssert.java:13)
at com.testng.SoftAssert.softAssert(SoftAssert.java:13)
at com.testng.SoftAssert.softAssert(SoftAssert.java:13)
at com.testng.SoftAssert.softAssert(SoftAssert.java:13)
at com.testng.SoftAssert.softAssert(SoftAssert.java:13)
at com.testng.SoftAssert.softAssert(SoftAssert.java:13)
at com.testng.SoftAssert.softAssert(SoftAssert.java:13)
at com.testng.SoftAssert.softAssert(SoftAssert.java:13)
at com.testng.SoftAssert.softAssert(SoftAssert.java:13)
at com.testng.SoftAssert.softAssert(SoftAssert.java:13)
at com.testng.SoftAssert.softAssert(SoftAssert.java:13)
at com.testng.SoftAssert.softAssert(SoftAssert.java:13)
at com.testng.SoftAssert.softAssert(SoftAssert.java:13)
at com.testng.SoftAssert.softAssert(SoftAssert.java:13)
at com.testng.SoftAssert.softAssert(SoftAssert.java:13)
at com.testng.SoftAssert.softAssert(SoftAssert.java:13)
at com.testng.SoftAssert.softAssert(SoftAssert.java:13)
at com.testng.SoftAssert.softAssert(SoftAssert.java:13)
at com.testng.SoftAssert.softAssert(SoftAssert.java:13)
at com.testng.SoftAssert.softAssert(SoftAssert.java:13)
at com.testng.SoftAssert.softAssert(SoftAssert.java:13)
at com.testng.SoftAssert.softAssert(SoftAssert.java:13)
at com.testng.SoftAssert.softAssert(SoftAssert.java:13)
at com.testng.SoftAssert.softAssert(SoftAssert.java:13)
at com.testng.SoftAssert.softAssert(SoftAssert.java:13)
at com.testng.SoftAssert.softAssert(SoftAssert.java:13)
at com.testng.SoftAssert.softAssert(SoftAssert.java:13)
at com.testng.SoftAssert.softAssert(SoftAssert.java:13)
at com.testng.SoftAssert.softAssert(SoftAssert.java:13)
at com.testng.SoftAssert.softAssert(SoftAssert.java:13)
at com.testng.SoftAssert.softAssert(SoftAssert.java:13)
at com.testng.SoftAssert.softAssert(SoftAssert.java:13)
at com.testng.SoftAssert.softAssert(SoftAssert.java:13)
at com.testng.SoftAssert.softAssert(SoftAssert.java:13)
at com.testng.SoftAssert.softAssert(SoftAssert.java:13)
at com.testng.SoftAssert.softAssert(SoftAssert.java:13)
at com.testng.SoftAssert.softAssert(SoftAssert.java:13)
at com.testng.SoftAssert.softAssert(SoftAssert.java:13)
at com.testng.SoftAssert.softAssert(SoftAssert.java:13)
at com.testng.SoftAssert.softAssert(SoftAssert.java:13)
at com.testng.SoftAssert.softAssert(SoftAssert.java:13)
at com.testng.SoftAssert.softAssert(SoftAssert.java:13)
at com.testng.SoftAssert.softAssert(SoftAssert.java:13)
at com.testng.SoftAssert.softAssert(SoftAssert.java:13)
at com.testng.SoftAssert.softAssert(SoftAssert.java:13)
at com.testng.SoftAssert.softAssert(SoftAssert.java:13)
at com.testng.SoftAssert.softAssert(SoftAssert.java:13)
at com.testng.SoftAssert.softAssert(SoftAssert.java:13)
at com.testng.SoftAssert.softAssert(SoftAssert.java:13)
at com.testng.SoftAssert.softAssert(SoftAssert.java:13)
at com.testng.SoftAssert.softAssert(SoftAssert.java:13)
at com.testng.SoftAssert.softAssert(SoftAssert.java:13)
at com.testng.SoftAssert.softAssert(SoftAssert.java:13)
at com.testng.SoftAssert.softAssert(SoftAssert.java:13)
at com.testng.SoftAssert.softAssert(SoftAssert.java:13)
at com.testng.SoftAssert.softAssert(SoftAssert.java:13)
at com.testng.SoftAssert.softAssert(SoftAssert.java:13)
at com.testng.SoftAssert.softAssert(SoftAssert.java:13)
at com.testng.SoftAssert.softAssert(SoftAssert.java:13)
at com.testng.SoftAssert.softAssert(SoftAssert.java:13)
at com.testng.SoftAssert.softAssert(SoftAssert.java:13)
at com.testng.SoftAssert.softAssert(SoftAssert.java:13)
at com.testng.SoftAssert.softAssert(SoftAssert.java:13)
at com.testng.SoftAssert.softAssert(SoftAssert.java:13)
at com.testng.SoftAssert.softAssert(SoftAssert.java:13)
at com.testng.SoftAssert.softAssert(SoftAssert.java:13)
at com.testng.SoftAssert.softAssert(SoftAssert.java:13)
at com.testng.SoftAssert.softAssert(SoftAssert.java:13)
at com.testng.SoftAssert.softAssert(SoftAssert.java:13)
at com.testng.SoftAssert.softAssert(SoftAssert.java:13)
at com.testng.SoftAssert.softAssert(SoftAssert.java:13)
at com.testng.SoftAssert.softAssert(SoftAssert.java:13)
at com.testng.SoftAssert.softAssert(SoftAssert.java:13)
at com.testng.SoftAssert.softAssert(SoftAssert.java:13)
at com.testng.SoftAssert.softAssert(SoftAssert.java:13)
at com.testng.SoftAssert.softAssert(SoftAssert.java:13)
at com.testng.SoftAssert.softAssert(SoftAssert.java:13)
at com.testng.SoftAssert.softAssert(SoftAssert.java:13)
at com.testng.SoftAssert.softAssert(SoftAssert.java:13)
at com.testng.SoftAssert.softAssert(SoftAssert.java:13)
at com.testng.SoftAssert.softAssert(SoftAssert.java:13)
at com.testng.SoftAssert.softAssert(SoftAssert.java:13)
at com.testng.SoftAssert.softAssert(SoftAssert.java:13)
at com.testng.SoftAssert.softAssert(SoftAssert.java:13)
at com.testng.SoftAssert.softAssert(SoftAssert.java:13)
at com.testng.SoftAssert.softAssert(SoftAssert.java:13)
at com.testng.SoftAssert.softAssert(SoftAssert.java:13)
at com.testng.SoftAssert.softAssert(SoftAssert.java:13)
at com.testng.SoftAssert.softAssert(SoftAssert.java:13)
at com.testng.SoftAssert.softAssert(SoftAssert.java:13)
at com.testng.SoftAssert.softAssert(SoftAssert.java:13)
at com.testng.SoftAssert.softAssert(SoftAssert.java:13)
at com.testng.SoftAssert.softAssert(SoftAssert.java:13)
at com.testng.SoftAssert.softAssert(SoftAssert.java:13)
at com.testng.SoftAssert.softAssert(SoftAssert.java:13)
at com.testng.SoftAssert.softAssert(SoftAssert.java:13)
at com.testng.SoftAssert.softAssert(SoftAssert.java:13)
at com.testng.SoftAssert.softAssert(SoftAssert.java:13)
at com.testng.SoftAssert.softAssert(SoftAssert.java:13)
at com.testng.SoftAssert.softAssert(SoftAssert.java:13)
at com.testng.SoftAssert.softAssert(SoftAssert.java:13)
at com.testng.SoftAssert.softAssert(SoftAssert.java:13)
at com.testng.SoftAssert.softAssert(SoftAssert.java:13)
at com.testng.SoftAssert.softAssert(SoftAssert.java:13)
at com.testng.SoftAssert.softAssert(SoftAssert.java:13)
at com.testng.SoftAssert.softAssert(SoftAssert.java:13)
at com.testng.SoftAssert.softAssert(SoftAssert.java:13)
at com.testng.SoftAssert.softAssert(SoftAssert.java:13)
at com.testng.SoftAssert.softAssert(SoftAssert.java:13)
at com.testng.SoftAssert.softAssert(SoftAssert.java:13)
at com.testng.SoftAssert.softAssert(SoftAssert.java:13)
at com.testng.SoftAssert.softAssert(SoftAssert.java:13)
at com.testng.SoftAssert.softAssert(SoftAssert.java:13)
at com.testng.SoftAssert.softAssert(SoftAssert.java:13)
at com.testng.SoftAssert.softAssert(SoftAssert.java:13)
at com.testng.SoftAssert.softAssert(SoftAssert.java:13)
at com.testng.SoftAssert.softAssert(SoftAssert.java:13)
at com.testng.SoftAssert.softAssert(SoftAssert.java:13)
at com.testng.SoftAssert.softAssert(SoftAssert.java:13)
at com.testng.SoftAssert.softAssert(SoftAssert.java:13)
at com.testng.SoftAssert.softAssert(SoftAssert.java:13)
at com.testng.SoftAssert.softAssert(SoftAssert.java:13)
at com.testng.SoftAssert.softAssert(SoftAssert.java:13)
at com.testng.SoftAssert.softAssert(SoftAssert.java:13)
at com.testng.SoftAssert.softAssert(SoftAssert.java:13)
at com.testng.SoftAssert.softAssert(SoftAssert.java:13)
at com.testng.SoftAssert.softAssert(SoftAssert.java:13)
at com.testng.SoftAssert.softAssert(SoftAssert.java:13)
at com.testng.SoftAssert.softAssert(SoftAssert.java:13)
at com.testng.SoftAssert.softAssert(SoftAssert.java:13)
at com.testng.SoftAssert.softAssert(SoftAssert.java:13)
at com.testng.SoftAssert.softAssert(SoftAssert.java:13)
at com.testng.SoftAssert.softAssert(SoftAssert.java:13)
at com.testng.SoftAssert.softAssert(SoftAssert.java:13)
at com.testng.SoftAssert.softAssert(SoftAssert.java:13)
at com.testng.SoftAssert.softAssert(SoftAssert.java:13)
at com.testng.SoftAssert.softAssert(SoftAssert.java:13)
at com.testng.SoftAssert.softAssert(SoftAssert.java:13)
at com.testng.SoftAssert.softAssert(SoftAssert.java:13)
at com.testng.SoftAssert.softAssert(SoftAssert.java:13)
at com.testng.SoftAssert.softAssert(SoftAssert.java:13)
at com.testng.SoftAssert.softAssert(SoftAssert.java:13)
at com.testng.SoftAssert.softAssert(SoftAssert.java:13)
at com.testng.SoftAssert.softAssert(SoftAssert.java:13)
at com.testng.SoftAssert.softAssert(SoftAssert.java:13)
at com.testng.SoftAssert.softAssert(SoftAssert.java:13)
at com.testng.SoftAssert.softAssert(SoftAssert.java:13)
at com.testng.SoftAssert.softAssert(SoftAssert.java:13)
at com.testng.SoftAssert.softAssert(SoftAssert.java:13)
at com.testng.SoftAssert.softAssert(SoftAssert.java:13)
at com.testng.SoftAssert.softAssert(SoftAssert.java:13)
at com.testng.SoftAssert.softAssert(SoftAssert.java:13)
at com.testng.SoftAssert.softAssert(SoftAssert.java:13)
at com.testng.SoftAssert.softAssert(SoftAssert.java:13)
at com.testng.SoftAssert.softAssert(SoftAssert.java:13)
at com.testng.SoftAssert.softAssert(SoftAssert.java:13)
at com.testng.SoftAssert.softAssert(SoftAssert.java:13)
at com.testng.SoftAssert.softAssert(SoftAssert.java:13)
at com.testng.SoftAssert.softAssert(SoftAssert.java:13)
at com.testng.SoftAssert.softAssert(SoftAssert.java:13)
at com.testng.SoftAssert.softAssert(SoftAssert.java:13)
at com.testng.SoftAssert.softAssert(SoftAssert.java:13)
at com.testng.SoftAssert.softAssert(SoftAssert.java:13)
at com.testng.SoftAssert.softAssert(SoftAssert.java:13)
at com.testng.SoftAssert.softAssert(SoftAssert.java:13)
at com.testng.SoftAssert.softAssert(SoftAssert.java:13)
at com.testng.SoftAssert.softAssert(SoftAssert.java:13)
at com.testng.SoftAssert.softAssert(SoftAssert.java:13)
at com.testng.SoftAssert.softAssert(SoftAssert.java:13)
at com.testng.SoftAssert.softAssert(SoftAssert.java:13)
at com.testng.SoftAssert.softAssert(SoftAssert.java:13)
at com.testng.SoftAssert.softAssert(SoftAssert.java:13)
at com.testng.SoftAssert.softAssert(SoftAssert.java:13)
at com.testng.SoftAssert.softAssert(SoftAssert.java:13)
at com.testng.SoftAssert.softAssert(SoftAssert.java:13)
at com.testng.SoftAssert.softAssert(SoftAssert.java:13)
at com.testng.SoftAssert.softAssert(SoftAssert.java:13)
at com.testng.SoftAssert.softAssert(SoftAssert.java:13)
at com.testng.SoftAssert.softAssert(SoftAssert.java:13)
at com.testng.SoftAssert.softAssert(SoftAssert.java:13)
at com.testng.SoftAssert.softAssert(SoftAssert.java:13)
at com.testng.SoftAssert.softAssert(SoftAssert.java:13)
at com.testng.SoftAssert.softAssert(SoftAssert.java:13)
at com.testng.SoftAssert.softAssert(SoftAssert.java:13)
at com.testng.SoftAssert.softAssert(SoftAssert.java:13)
at com.testng.SoftAssert.softAssert(SoftAssert.java:13)
at com.testng.SoftAssert.softAssert(SoftAssert.java:13)
at com.testng.SoftAssert.softAssert(SoftAssert.java:13)
at com.testng.SoftAssert.softAssert(SoftAssert.java:13)
at com.testng.SoftAssert.softAssert(SoftAssert.java:13)
at com.testng.SoftAssert.softAssert(SoftAssert.java:13)
at com.testng.SoftAssert.softAssert(SoftAssert.java:13)
at com.testng.SoftAssert.softAssert(SoftAssert.java:13)
at com.testng.SoftAssert.softAssert(SoftAssert.java:13)
at com.testng.SoftAssert.softAssert(SoftAssert.java:13)
at com.testng.SoftAssert.softAssert(SoftAssert.java:13)
at com.testng.SoftAssert.softAssert(SoftAssert.java:13)
at com.testng.SoftAssert.softAssert(SoftAssert.java:13)
at com.testng.SoftAssert.softAssert(SoftAssert.java:13)
at com.testng.SoftAssert.softAssert(SoftAssert.java:13)
at com.testng.SoftAssert.softAssert(SoftAssert.java:13)
at com.testng.SoftAssert.softAssert(SoftAssert.java:13)
at com.testng.SoftAssert.softAssert(SoftAssert.java:13)
at com.testng.SoftAssert.softAssert(SoftAssert.java:13)
at com.testng.SoftAssert.softAssert(SoftAssert.java:13)
at com.testng.SoftAssert.softAssert(SoftAssert.java:13)
at com.testng.SoftAssert.softAssert(SoftAssert.java:13)
at com.testng.SoftAssert.softAssert(SoftAssert.java:13)
at com.testng.SoftAssert.softAssert(SoftAssert.java:13)
at com.testng.SoftAssert.softAssert(SoftAssert.java:13)
at com.testng.SoftAssert.softAssert(SoftAssert.java:13)
at com.testng.SoftAssert.softAssert(SoftAssert.java:13)
at com.testng.SoftAssert.softAssert(SoftAssert.java:13)
at com.testng.SoftAssert.softAssert(SoftAssert.java:13)
at com.testng.SoftAssert.softAssert(SoftAssert.java:13)
at com.testng.SoftAssert.softAssert(SoftAssert.java:13)
at com.testng.SoftAssert.softAssert(SoftAssert.java:13)
at com.testng.SoftAssert.softAssert(SoftAssert.java:13)
at com.testng.SoftAssert.softAssert(SoftAssert.java:13)
at com.testng.SoftAssert.softAssert(SoftAssert.java:13)
at com.testng.SoftAssert.softAssert(SoftAssert.java:13)
at com.testng.SoftAssert.softAssert(SoftAssert.java:13)
at com.testng.SoftAssert.softAssert(SoftAssert.java:13)
at com.testng.SoftAssert.softAssert(SoftAssert.java:13)
at com.testng.SoftAssert.softAssert(SoftAssert.java:13)
at com.testng.SoftAssert.softAssert(SoftAssert.java:13)
at com.testng.SoftAssert.softAssert(SoftAssert.java:13)
at com.testng.SoftAssert.softAssert(SoftAssert.java:13)
at com.testng.SoftAssert.softAssert(SoftAssert.java:13)
at com.testng.SoftAssert.softAssert(SoftAssert.java:13)
at com.testng.SoftAssert.softAssert(SoftAssert.java:13)
at com.testng.SoftAssert.softAssert(SoftAssert.java:13)
at com.testng.SoftAssert.softAssert(SoftAssert.java:13)
at com.testng.SoftAssert.softAssert(SoftAssert.java:13)
at com.testng.SoftAssert.softAssert(SoftAssert.java:13)
at com.testng.SoftAssert.softAssert(SoftAssert.java:13)
at com.testng.SoftAssert.softAssert(SoftAssert.java:13)
at com.testng.SoftAssert.softAssert(SoftAssert.java:13)
at com.testng.SoftAssert.softAssert(SoftAssert.java:13)
at com.testng.SoftAssert.softAssert(SoftAssert.java:13)
at com.testng.SoftAssert.softAssert(SoftAssert.java:13)
at com.testng.SoftAssert.softAssert(SoftAssert.java:13)
at com.testng.SoftAssert.softAssert(SoftAssert.java:13)
at com.testng.SoftAssert.softAssert(SoftAssert.java:13)
at com.testng.SoftAssert.softAssert(SoftAssert.java:13)
at com.testng.SoftAssert.softAssert(SoftAssert.java:13)
at com.testng.SoftAssert.softAssert(SoftAssert.java:13)
at com.testng.SoftAssert.softAssert(SoftAssert.java:13)
at com.testng.SoftAssert.softAssert(SoftAssert.java:13)
at com.testng.SoftAssert.softAssert(SoftAssert.java:13)
at com.testng.SoftAssert.softAssert(SoftAssert.java:13)
at com.testng.SoftAssert.softAssert(SoftAssert.java:13)
at com.testng.SoftAssert.softAssert(SoftAssert.java:13)
at com.testng.SoftAssert.softAssert(SoftAssert.java:13)
at com.testng.SoftAssert.softAssert(SoftAssert.java:13)
at com.testng.SoftAssert.softAssert(SoftAssert.java:13)
at com.testng.SoftAssert.softAssert(SoftAssert.java:13)
at com.testng.SoftAssert.softAssert(SoftAssert.java:13)
at com.testng.SoftAssert.softAssert(SoftAssert.java:13)
at com.testng.SoftAssert.softAssert(SoftAssert.java:13)
at com.testng.SoftAssert.softAssert(SoftAssert.java:13)
at com.testng.SoftAssert.softAssert(SoftAssert.java:13)
at com.testng.SoftAssert.softAssert(SoftAssert.java:13)
at com.testng.SoftAssert.softAssert(SoftAssert.java:13)
at com.testng.SoftAssert.softAssert(SoftAssert.java:13)
at com.testng.SoftAssert.softAssert(SoftAssert.java:13)
at com.testng.SoftAssert.softAssert(SoftAssert.java:13)
at com.testng.SoftAssert.softAssert(SoftAssert.java:13)
at com.testng.SoftAssert.softAssert(SoftAssert.java:13)
at com.testng.SoftAssert.softAssert(SoftAssert.java:13)
at com.testng.SoftAssert.softAssert(SoftAssert.java:13)
at com.testng.SoftAssert.softAssert(SoftAssert.java:13)
at com.testng.SoftAssert.softAssert(SoftAssert.java:13)
at com.testng.SoftAssert.softAssert(SoftAssert.java:13)
at com.testng.SoftAssert.softAssert(SoftAssert.java:13)
at com.testng.SoftAssert.softAssert(SoftAssert.java:13)
at com.testng.SoftAssert.softAssert(SoftAssert.java:13)
at com.testng.SoftAssert.softAssert(SoftAssert.java:13)
at com.testng.SoftAssert.softAssert(SoftAssert.java:13)
at com.testng.SoftAssert.softAssert(SoftAssert.java:13)
at com.testng.SoftAssert.softAssert(SoftAssert.java:13)
at com.testng.SoftAssert.softAssert(SoftAssert.java:13)
at com.testng.SoftAssert.softAssert(SoftAssert.java:13)
at com.testng.SoftAssert.softAssert(SoftAssert.java:13)
at com.testng.SoftAssert.softAssert(SoftAssert.java:13)
at com.testng.SoftAssert.softAssert(SoftAssert.java:13)
at com.testng.SoftAssert.softAssert(SoftAssert.java:13)
at com.testng.SoftAssert.softAssert(SoftAssert.java:13)
at com.testng.SoftAssert.softAssert(SoftAssert.java:13)
at com.testng.SoftAssert.softAssert(SoftAssert.java:13)
at com.testng.SoftAssert.softAssert(SoftAssert.java:13)
at com.testng.SoftAssert.softAssert(SoftAssert.java:13)
at com.testng.SoftAssert.softAssert(SoftAssert.java:13)
at com.testng.SoftAssert.softAssert(SoftAssert.java:13)
at com.testng.SoftAssert.softAssert(SoftAssert.java:13)
at com.testng.SoftAssert.softAssert(SoftAssert.java:13)
at com.testng.SoftAssert.softAssert(SoftAssert.java:13)
at com.testng.SoftAssert.softAssert(SoftAssert.java:13)
at com.testng.SoftAssert.softAssert(SoftAssert.java:13)
at com.testng.SoftAssert.softAssert(SoftAssert.java:13)
at com.testng.SoftAssert.softAssert(SoftAssert.java:13)
at com.testng.SoftAssert.softAssert(SoftAssert.java:13)
at com.testng.SoftAssert.softAssert(SoftAssert.java:13)
at com.testng.SoftAssert.softAssert(SoftAssert.java:13)
at com.testng.SoftAssert.softAssert(SoftAssert.java:13)
at com.testng.SoftAssert.softAssert(SoftAssert.java:13)
at com.testng.SoftAssert.softAssert(SoftAssert.java:13)
at com.testng.SoftAssert.softAssert(SoftAssert.java:13)
at com.testng.SoftAssert.softAssert(SoftAssert.java:13)
at com.testng.SoftAssert.softAssert(SoftAssert.java:13)
at com.testng.SoftAssert.softAssert(SoftAssert.java:13)
at com.testng.SoftAssert.softAssert(SoftAssert.java:13)
at com.testng.SoftAssert.softAssert(SoftAssert.java:13)
at com.testng.SoftAssert.softAssert(SoftAssert.java:13)
at com.testng.SoftAssert.softAssert(SoftAssert.java:13)
at com.testng.SoftAssert.softAssert(SoftAssert.java:13)
at com.testng.SoftAssert.softAssert(SoftAssert.java:13)
at com.testng.SoftAssert.softAssert(SoftAssert.java:13)
at com.testng.SoftAssert.softAssert(SoftAssert.java:13)
at com.testng.SoftAssert.softAssert(SoftAssert.java:13)
at com.testng.SoftAssert.softAssert(SoftAssert.java:13)
at com.testng.SoftAssert.softAssert(SoftAssert.java:13)
at com.testng.SoftAssert.softAssert(SoftAssert.java:13)
at com.testng.SoftAssert.softAssert(SoftAssert.java:13)
at com.testng.SoftAssert.softAssert(SoftAssert.java:13)
at com.testng.SoftAssert.softAssert(SoftAssert.java:13)
at com.testng.SoftAssert.softAssert(SoftAssert.java:13)
at com.testng.SoftAssert.softAssert(SoftAssert.java:13)
at com.testng.SoftAssert.softAssert(SoftAssert.java:13)
at com.testng.SoftAssert.softAssert(SoftAssert.java:13)
at com.testng.SoftAssert.softAssert(SoftAssert.java:13)
at com.testng.SoftAssert.softAssert(SoftAssert.java:13)
at com.testng.SoftAssert.softAssert(SoftAssert.java:13)
at com.testng.SoftAssert.softAssert(SoftAssert.java:13)
at com.testng.SoftAssert.softAssert(SoftAssert.java:13)
at com.testng.SoftAssert.softAssert(SoftAssert.java:13)
at com.testng.SoftAssert.softAssert(SoftAssert.java:13)
at com.testng.SoftAssert.softAssert(SoftAssert.java:13)
at com.testng.SoftAssert.softAssert(SoftAssert.java:13)
at com.testng.SoftAssert.softAssert(SoftAssert.java:13)
at com.testng.SoftAssert.softAssert(SoftAssert.java:13)
at com.testng.SoftAssert.softAssert(SoftAssert.java:13)
at com.testng.SoftAssert.softAssert(SoftAssert.java:13)
at com.testng.SoftAssert.softAssert(SoftAssert.java:13)
at com.testng.SoftAssert.softAssert(SoftAssert.java:13)
at com.testng.SoftAssert.softAssert(SoftAssert.java:13)
at com.testng.SoftAssert.softAssert(SoftAssert.java:13)
at com.testng.SoftAssert.softAssert(SoftAssert.java:13)
at com.testng.SoftAssert.softAssert(SoftAssert.java:13)
at com.testng.SoftAssert.softAssert(SoftAssert.java:13)
at com.testng.SoftAssert.softAssert(SoftAssert.java:13)
at com.testng.SoftAssert.softAssert(SoftAssert.java:13)
at com.testng.SoftAssert.softAssert(SoftAssert.java:13)
at com.testng.SoftAssert.softAssert(SoftAssert.java:13)
at com.testng.SoftAssert.softAssert(SoftAssert.java:13)
at com.testng.SoftAssert.softAssert(SoftAssert.java:13)
at com.testng.SoftAssert.softAssert(SoftAssert.java:13)
at com.testng.SoftAssert.softAssert(SoftAssert.java:13)
at com.testng.SoftAssert.softAssert(SoftAssert.java:13)
at com.testng.SoftAssert.softAssert(SoftAssert.java:13)
at com.testng.SoftAssert.softAssert(SoftAssert.java:13)
at com.testng.SoftAssert.softAssert(SoftAssert.java:13)
at com.testng.SoftAssert.softAssert(SoftAssert.java:13)
at com.testng.SoftAssert.softAssert(SoftAssert.java:13)
at com.testng.SoftAssert.softAssert(SoftAssert.java:13)
at com.testng.SoftAssert.softAssert(SoftAssert.java:13)
at com.testng.SoftAssert.softAssert(SoftAssert.java:13)
at com.testng.SoftAssert.softAssert(SoftAssert.java:13)
at com.testng.SoftAssert.softAssert(SoftAssert.java:13)
at com.testng.SoftAssert.softAssert(SoftAssert.java:13)
at com.testng.SoftAssert.softAssert(SoftAssert.java:13)
at com.testng.SoftAssert.softAssert(SoftAssert.java:13)
at com.testng.SoftAssert.softAssert(SoftAssert.java:13)
at com.testng.SoftAssert.softAssert(SoftAssert.java:13)
at com.testng.SoftAssert.softAssert(SoftAssert.java:13)
at com.testng.SoftAssert.softAssert(SoftAssert.java:13)
at com.testng.SoftAssert.softAssert(SoftAssert.java:13)
at com.testng.SoftAssert.softAssert(SoftAssert.java:13)
at com.testng.SoftAssert.softAssert(SoftAssert.java:13)
at com.testng.SoftAssert.softAssert(SoftAssert.java:13)
at com.testng.SoftAssert.softAssert(SoftAssert.java:13)
at com.testng.SoftAssert.softAssert(SoftAssert.java:13)
at com.testng.SoftAssert.softAssert(SoftAssert.java:13)
at com.testng.SoftAssert.softAssert(SoftAssert.java:13)
at com.testng.SoftAssert.softAssert(SoftAssert.java:13)
at com.testng.SoftAssert.softAssert(SoftAssert.java:13)
at com.testng.SoftAssert.softAssert(SoftAssert.java:13)
at com.testng.SoftAssert.softAssert(SoftAssert.java:13)
at com.testng.SoftAssert.softAssert(SoftAssert.java:13)
at com.testng.SoftAssert.softAssert(SoftAssert.java:13)
at com.testng.SoftAssert.softAssert(SoftAssert.java:13)
at com.testng.SoftAssert.softAssert(SoftAssert.java:13)
at com.testng.SoftAssert.softAssert(SoftAssert.java:13)
at com.testng.SoftAssert.softAssert(SoftAssert.java:13)
at com.testng.SoftAssert.softAssert(SoftAssert.java:13)
at com.testng.SoftAssert.softAssert(SoftAssert.java:13)
at com.testng.SoftAssert.softAssert(SoftAssert.java:13)
at com.testng.SoftAssert.softAssert(SoftAssert.java:13)
at com.testng.SoftAssert.softAssert(SoftAssert.java:13)
at com.testng.SoftAssert.softAssert(SoftAssert.java:13)
at com.testng.SoftAssert.softAssert(SoftAssert.java:13)
at com.testng.SoftAssert.softAssert(SoftAssert.java:13)
at com.testng.SoftAssert.softAssert(SoftAssert.java:13)
at com.testng.SoftAssert.softAssert(SoftAssert.java:13)
at com.testng.SoftAssert.softAssert(SoftAssert.java:13)
at com.testng.SoftAssert.softAssert(SoftAssert.java:13)
at com.testng.SoftAssert.softAssert(SoftAssert.java:13)
at com.testng.SoftAssert.softAssert(SoftAssert.java:13)
at com.testng.SoftAssert.softAssert(SoftAssert.java:13)
at com.testng.SoftAssert.softAssert(SoftAssert.java:13)
at com.testng.SoftAssert.softAssert(SoftAssert.java:13)
at com.testng.SoftAssert.softAssert(SoftAssert.java:13)
at com.testng.SoftAssert.softAssert(SoftAssert.java:13)
at com.testng.SoftAssert.softAssert(SoftAssert.java:13)
at com.testng.SoftAssert.softAssert(SoftAssert.java:13)
at com.testng.SoftAssert.softAssert(SoftAssert.java:13)
at com.testng.SoftAssert.softAssert(SoftAssert.java:13)
at com.testng.SoftAssert.softAssert(SoftAssert.java:13)
at com.testng.SoftAssert.softAssert(SoftAssert.java:13)
at com.testng.SoftAssert.softAssert(SoftAssert.java:13)
at com.testng.SoftAssert.softAssert(SoftAssert.java:13)
at com.testng.SoftAssert.softAssert(SoftAssert.java:13)
at com.testng.SoftAssert.softAssert(SoftAssert.java:13)
at com.testng.SoftAssert.softAssert(SoftAssert.java:13)
at com.testng.SoftAssert.softAssert(SoftAssert.java:13)
at com.testng.SoftAssert.softAssert(SoftAssert.java:13)
at com.testng.SoftAssert.softAssert(SoftAssert.java:13)
at com.testng.SoftAssert.softAssert(SoftAssert.java:13)
at com.testng.SoftAssert.softAssert(SoftAssert.java:13)
at com.testng.SoftAssert.softAssert(SoftAssert.java:13)
at com.testng.SoftAssert.softAssert(SoftAssert.java:13)
at com.testng.SoftAssert.softAssert(SoftAssert.java:13)
at com.testng.SoftAssert.softAssert(SoftAssert.java:13)
at com.testng.SoftAssert.softAssert(SoftAssert.java:13)
at com.testng.SoftAssert.softAssert(SoftAssert.java:13)
at com.testng.SoftAssert.softAssert(SoftAssert.java:13)
at com.testng.SoftAssert.softAssert(SoftAssert.java:13)
at com.testng.SoftAssert.softAssert(SoftAssert.java:13)
at com.testng.SoftAssert.softAssert(SoftAssert.java:13)
at com.testng.SoftAssert.softAssert(SoftAssert.java:13)
at com.testng.SoftAssert.softAssert(SoftAssert.java:13)
at com.testng.SoftAssert.softAssert(SoftAssert.java:13)
at com.testng.SoftAssert.softAssert(SoftAssert.java:13)
at com.testng.SoftAssert.softAssert(SoftAssert.java:13)
at com.testng.SoftAssert.softAssert(SoftAssert.java:13)
at com.testng.SoftAssert.softAssert(SoftAssert.java:13)
at com.testng.SoftAssert.softAssert(SoftAssert.java:13)
at com.testng.SoftAssert.softAssert(SoftAssert.java:13)
at com.testng.SoftAssert.softAssert(SoftAssert.java:13)
at com.testng.SoftAssert.softAssert(SoftAssert.java:13)
at com.testng.SoftAssert.softAssert(SoftAssert.java:13)
at com.testng.SoftAssert.softAssert(SoftAssert.java:13)
at com.testng.SoftAssert.softAssert(SoftAssert.java:13)
at com.testng.SoftAssert.softAssert(SoftAssert.java:13)
at com.testng.SoftAssert.softAssert(SoftAssert.java:13)
at com.testng.SoftAssert.softAssert(SoftAssert.java:13)
at com.testng.SoftAssert.softAssert(SoftAssert.java:13)
at com.testng.SoftAssert.softAssert(SoftAssert.java:13)
at com.testng.SoftAssert.softAssert(SoftAssert.java:13)
at com.testng.SoftAssert.softAssert(SoftAssert.java:13)
at com.testng.SoftAssert.softAssert(SoftAssert.java:13)
at com.testng.SoftAssert.softAssert(SoftAssert.java:13)
at com.testng.SoftAssert.softAssert(SoftAssert.java:13)
at com.testng.SoftAssert.softAssert(SoftAssert.java:13)
at com.testng.SoftAssert.softAssert(SoftAssert.java:13)
at com.testng.SoftAssert.softAssert(SoftAssert.java:13)
at com.testng.SoftAssert.softAssert(SoftAssert.java:13)
at com.testng.SoftAssert.softAssert(SoftAssert.java:13)
at com.testng.SoftAssert.softAssert(SoftAssert.java:13)
at com.testng.SoftAssert.softAssert(SoftAssert.java:13)
at com.testng.SoftAssert.softAssert(SoftAssert.java:13)
at com.testng.SoftAssert.softAssert(SoftAssert.java:13)
at com.testng.SoftAssert.softAssert(SoftAssert.java:13)
at com.testng.SoftAssert.softAssert(SoftAssert.java:13)
at com.testng.SoftAssert.softAssert(SoftAssert.java:13)
at com.testng.SoftAssert.softAssert(SoftAssert.java:13)
at com.testng.SoftAssert.softAssert(SoftAssert.java:13)
at com.testng.SoftAssert.softAssert(SoftAssert.java:13)
at com.testng.SoftAssert.softAssert(SoftAssert.java:13)
at com.testng.SoftAssert.softAssert(SoftAssert.java:13)
at com.testng.SoftAssert.softAssert(SoftAssert.java:13)
at com.testng.SoftAssert.softAssert(SoftAssert.java:13)
at com.testng.SoftAssert.softAssert(SoftAssert.java:13)
at com.testng.SoftAssert.softAssert(SoftAssert.java:13)
at com.testng.SoftAssert.softAssert(SoftAssert.java:13)
at com.testng.SoftAssert.softAssert(SoftAssert.java:13)
at com.testng.SoftAssert.softAssert(SoftAssert.java:13)
at com.testng.SoftAssert.softAssert(SoftAssert.java:13)
at com.testng.SoftAssert.softAssert(SoftAssert.java:13)
at com.testng.SoftAssert.softAssert(SoftAssert.java:13)
at com.testng.SoftAssert.softAssert(SoftAssert.java:13)
at com.testng.SoftAssert.softAssert(SoftAssert.java:13)
at com.testng.SoftAssert.softAssert(SoftAssert.java:13)
at com.testng.SoftAssert.softAssert(SoftAssert.java:13)
at com.testng.SoftAssert.softAssert(SoftAssert.java:13)
at com.testng.SoftAssert.softAssert(SoftAssert.java:13)
at com.testng.SoftAssert.softAssert(SoftAssert.java:13)
at com.testng.SoftAssert.softAssert(SoftAssert.java:13)
at com.testng.SoftAssert.softAssert(SoftAssert.java:13)
at com.testng.SoftAssert.softAssert(SoftAssert.java:13)
at com.testng.SoftAssert.softAssert(SoftAssert.java:13)
at com.testng.SoftAssert.softAssert(SoftAssert.java:13)
at com.testng.SoftAssert.softAssert(SoftAssert.java:13)
at com.testng.SoftAssert.softAssert(SoftAssert.java:13)
at com.testng.SoftAssert.softAssert(SoftAssert.java:13)
at com.testng.SoftAssert.softAssert(SoftAssert.java:13)
at com.testng.SoftAssert.softAssert(SoftAssert.java:13)
at com.testng.SoftAssert.softAssert(SoftAssert.java:13)
at com.testng.SoftAssert.softAssert(SoftAssert.java:13)
at com.testng.SoftAssert.softAssert(SoftAssert.java:13)
at com.testng.SoftAssert.softAssert(SoftAssert.java:13)
at com.testng.SoftAssert.softAssert(SoftAssert.java:13)
at com.testng.SoftAssert.softAssert(SoftAssert.java:13)
at com.testng.SoftAssert.softAssert(SoftAssert.java:13)
at com.testng.SoftAssert.softAssert(SoftAssert.java:13)
at com.testng.SoftAssert.softAssert(SoftAssert.java:13)
at com.testng.SoftAssert.softAssert(SoftAssert.java:13)
at com.testng.SoftAssert.softAssert(SoftAssert.java:13)
at com.testng.SoftAssert.softAssert(SoftAssert.java:13)
at com.testng.SoftAssert.softAssert(SoftAssert.java:13)
at com.testng.SoftAssert.softAssert(SoftAssert.java:13)
at com.testng.SoftAssert.softAssert(SoftAssert.java:13)
at com.testng.SoftAssert.softAssert(SoftAssert.java:13)
at com.testng.SoftAssert.softAssert(SoftAssert.java:13)
at com.testng.SoftAssert.softAssert(SoftAssert.java:13)
at com.testng.SoftAssert.softAssert(SoftAssert.java:13)
at com.testng.SoftAssert.softAssert(SoftAssert.java:13)
at com.testng.SoftAssert.softAssert(SoftAssert.java:13)
at com.testng.SoftAssert.softAssert(SoftAssert.java:13)
at com.testng.SoftAssert.softAssert(SoftAssert.java:13)
at com.testng.SoftAssert.softAssert(SoftAssert.java:13)
at com.testng.SoftAssert.softAssert(SoftAssert.java:13)
at com.testng.SoftAssert.softAssert(SoftAssert.java:13)
at com.testng.SoftAssert.softAssert(SoftAssert.java:13)
at com.testng.SoftAssert.softAssert(SoftAssert.java:13)
at com.testng.SoftAssert.softAssert(SoftAssert.java:13)
at com.testng.SoftAssert.softAssert(SoftAssert.java:13)
at com.testng.SoftAssert.softAssert(SoftAssert.java:13)
at com.testng.SoftAssert.softAssert(SoftAssert.java:13)
at com.testng.SoftAssert.softAssert(SoftAssert.java:13)
at com.testng.SoftAssert.softAssert(SoftAssert.java:13)
at com.testng.SoftAssert.softAssert(SoftAssert.java:13)
at com.testng.SoftAssert.softAssert(SoftAssert.java:13)
at com.testng.SoftAssert.softAssert(SoftAssert.java:13)
at com.testng.SoftAssert.softAssert(SoftAssert.java:13)
at com.testng.SoftAssert.softAssert(SoftAssert.java:13)
at com.testng.SoftAssert.softAssert(SoftAssert.java:13)
at com.testng.SoftAssert.softAssert(SoftAssert.java:13)
at com.testng.SoftAssert.softAssert(SoftAssert.java:13)
at com.testng.SoftAssert.softAssert(SoftAssert.java:13)
at com.testng.SoftAssert.softAssert(SoftAssert.java:13)
at com.testng.SoftAssert.softAssert(SoftAssert.java:13)
at com.testng.SoftAssert.softAssert(SoftAssert.java:13)
at com.testng.SoftAssert.softAssert(SoftAssert.java:13)
at com.testng.SoftAssert.softAssert(SoftAssert.java:13)
at com.testng.SoftAssert.softAssert(SoftAssert.java:13)
at com.testng.SoftAssert.softAssert(SoftAssert.java:13)
at com.testng.SoftAssert.softAssert(SoftAssert.java:13)
at com.testng.SoftAssert.softAssert(SoftAssert.java:13)
at com.testng.SoftAssert.softAssert(SoftAssert.java:13)
at com.testng.SoftAssert.softAssert(SoftAssert.java:13)
at com.testng.SoftAssert.softAssert(SoftAssert.java:13)
at com.testng.SoftAssert.softAssert(SoftAssert.java:13)
at com.testng.SoftAssert.softAssert(SoftAssert.java:13)
at com.testng.SoftAssert.softAssert(SoftAssert.java:13)
at com.testng.SoftAssert.softAssert(SoftAssert.java:13)
at com.testng.SoftAssert.softAssert(SoftAssert.java:13)
at com.testng.SoftAssert.softAssert(SoftAssert.java:13)
at com.testng.SoftAssert.softAssert(SoftAssert.java:13)
at com.testng.SoftAssert.softAssert(SoftAssert.java:13)
at com.testng.SoftAssert.softAssert(SoftAssert.java:13)
at com.testng.SoftAssert.softAssert(SoftAssert.java:13)
at com.testng.SoftAssert.softAssert(SoftAssert.java:13)
at com.testng.SoftAssert.softAssert(SoftAssert.java:13)
at com.testng.SoftAssert.softAssert(SoftAssert.java:13)
at com.testng.SoftAssert.softAssert(SoftAssert.java:13)
at com.testng.SoftAssert.softAssert(SoftAssert.java:13)
at com.testng.SoftAssert.softAssert(SoftAssert.java:13)
at com.testng.SoftAssert.softAssert(SoftAssert.java:13)
at com.testng.SoftAssert.softAssert(SoftAssert.java:13)
at com.testng.SoftAssert.softAssert(SoftAssert.java:13)
at com.testng.SoftAssert.softAssert(SoftAssert.java:13)
at com.testng.SoftAssert.softAssert(SoftAssert.java:13)
at com.testng.SoftAssert.softAssert(SoftAssert.java:13)
at com.testng.SoftAssert.softAssert(SoftAssert.java:13)
at com.testng.SoftAssert.softAssert(SoftAssert.java:13)
at com.testng.SoftAssert.softAssert(SoftAssert.java:13)
at com.testng.SoftAssert.softAssert(SoftAssert.java:13)
at com.testng.SoftAssert.softAssert(SoftAssert.java:13)
at com.testng.SoftAssert.softAssert(SoftAssert.java:13)
at com.testng.SoftAssert.softAssert(SoftAssert.java:13)
at com.testng.SoftAssert.softAssert(SoftAssert.java:13)
at com.testng.SoftAssert.softAssert(SoftAssert.java:13)
at com.testng.SoftAssert.softAssert(SoftAssert.java:13)
at com.testng.SoftAssert.softAssert(SoftAssert.java:13)
at com.testng.SoftAssert.softAssert(SoftAssert.java:13)
at com.testng.SoftAssert.softAssert(SoftAssert.java:13)
at com.testng.SoftAssert.softAssert(SoftAssert.java:13)
at com.testng.SoftAssert.softAssert(SoftAssert.java:13)
at com.testng.SoftAssert.softAssert(SoftAssert.java:13)
at com.testng.SoftAssert.softAssert(SoftAssert.java:13)
at com.testng.SoftAssert.softAssert(SoftAssert.java:13)
at com.testng.SoftAssert.softAssert(SoftAssert.java:13)
at com.testng.SoftAssert.softAssert(SoftAssert.java:13)
at com.testng.SoftAssert.softAssert(SoftAssert.java:13)
at com.testng.SoftAssert.softAssert(SoftAssert.java:13)
at com.testng.SoftAssert.softAssert(SoftAssert.java:13)
at com.testng.SoftAssert.softAssert(SoftAssert.java:13)
at com.testng.SoftAssert.softAssert(SoftAssert.java:13)
at com.testng.SoftAssert.softAssert(SoftAssert.java:13)
at com.testng.SoftAssert.softAssert(SoftAssert.java:13)
at com.testng.SoftAssert.softAssert(SoftAssert.java:13)
at com.testng.SoftAssert.softAssert(SoftAssert.java:13)
at com.testng.SoftAssert.softAssert(SoftAssert.java:13)
at com.testng.SoftAssert.softAssert(SoftAssert.java:13)
at com.testng.SoftAssert.softAssert(SoftAssert.java:13)
at com.testng.SoftAssert.softAssert(SoftAssert.java:13)
at com.testng.SoftAssert.softAssert(SoftAssert.java:13)
at com.testng.SoftAssert.softAssert(SoftAssert.java:13)
at com.testng.SoftAssert.softAssert(SoftAssert.java:13)
at com.testng.SoftAssert.softAssert(SoftAssert.java:13)
at com.testng.SoftAssert.softAssert(SoftAssert.java:13)
at com.testng.SoftAssert.softAssert(SoftAssert.java:13)
at com.testng.SoftAssert.softAssert(SoftAssert.java:13)
at com.testng.SoftAssert.softAssert(SoftAssert.java:13)
at com.testng.SoftAssert.softAssert(SoftAssert.java:13)
at com.testng.SoftAssert.softAssert(SoftAssert.java:13)
at com.testng.SoftAssert.softAssert(SoftAssert.java:13)
at com.testng.SoftAssert.softAssert(SoftAssert.java:13)
at com.testng.SoftAssert.softAssert(SoftAssert.java:13)
at com.testng.SoftAssert.softAssert(SoftAssert.java:13)
at com.testng.SoftAssert.softAssert(SoftAssert.java:13)
at com.testng.SoftAssert.softAssert(SoftAssert.java:13)
at com.testng.SoftAssert.softAssert(SoftAssert.java:13)
at com.testng.SoftAssert.softAssert(SoftAssert.java:13)
at com.testng.SoftAssert.softAssert(SoftAssert.java:13)
at com.testng.SoftAssert.softAssert(SoftAssert.java:13)
at com.testng.SoftAssert.softAssert(SoftAssert.java:13)
at com.testng.SoftAssert.softAssert(SoftAssert.java:13)
at com.testng.SoftAssert.softAssert(SoftAssert.java:13)
at com.testng.SoftAssert.softAssert(SoftAssert.java:13)
at com.testng.SoftAssert.softAssert(SoftAssert.java:13)
at com.testng.SoftAssert.softAssert(SoftAssert.java:13)
at com.testng.SoftAssert.softAssert(SoftAssert.java:13)
at com.testng.SoftAssert.softAssert(SoftAssert.java:13)
at com.testng.SoftAssert.softAssert(SoftAssert.java:13)
at com.testng.SoftAssert.softAssert(SoftAssert.java:13)
at com.testng.SoftAssert.softAssert(SoftAssert.java:13)
at com.testng.SoftAssert.softAssert(SoftAssert.java:13)
at com.testng.SoftAssert.softAssert(SoftAssert.java:13)
at com.testng.SoftAssert.softAssert(SoftAssert.java:13)
at com.testng.SoftAssert.softAssert(SoftAssert.java:13)
at com.testng.SoftAssert.softAssert(SoftAssert.java:13)
at com.testng.SoftAssert.softAssert(SoftAssert.java:13)
at com.testng.SoftAssert.softAssert(SoftAssert.java:13)
at com.testng.SoftAssert.softAssert(SoftAssert.java:13)
at com.testng.SoftAssert.softAssert(SoftAssert.java:13)
at com.testng.SoftAssert.softAssert(SoftAssert.java:13)
at com.testng.SoftAssert.softAssert(SoftAssert.java:13)
at com.testng.SoftAssert.softAssert(SoftAssert.java:13)
at com.testng.SoftAssert.softAssert(SoftAssert.java:13)
at com.testng.SoftAssert.softAssert(SoftAssert.java:13)
at com.testng.SoftAssert.softAssert(SoftAssert.java:13)
at com.testng.SoftAssert.softAssert(SoftAssert.java:13)
at com.testng.SoftAssert.softAssert(SoftAssert.java:13)
at com.testng.SoftAssert.softAssert(SoftAssert.java:13)
at com.testng.SoftAssert.softAssert(SoftAssert.java:13)
at com.testng.SoftAssert.softAssert(SoftAssert.java:13)
at com.testng.SoftAssert.softAssert(SoftAssert.java:13)
at com.testng.SoftAssert.softAssert(SoftAssert.java:13)
at com.testng.SoftAssert.softAssert(SoftAssert.java:13)
at com.testng.SoftAssert.softAssert(SoftAssert.java:13)
at com.testng.SoftAssert.softAssert(SoftAssert.java:13)
at com.testng.SoftAssert.softAssert(SoftAssert.java:13)
at com.testng.SoftAssert.softAssert(SoftAssert.java:13)
at com.testng.SoftAssert.softAssert(SoftAssert.java:13)
at com.testng.SoftAssert.softAssert(SoftAssert.java:13)
at com.testng.SoftAssert.softAssert(SoftAssert.java:13)
at com.testng.SoftAssert.softAssert(SoftAssert.java:13)
at com.testng.SoftAssert.softAssert(SoftAssert.java:13)
at com.testng.SoftAssert.softAssert(SoftAssert.java:13)
at com.testng.SoftAssert.softAssert(SoftAssert.java:13)
at com.testng.SoftAssert.softAssert(SoftAssert.java:13)
at com.testng.SoftAssert.softAssert(SoftAssert.java:13)
at com.testng.SoftAssert.softAssert(SoftAssert.java:13)
at com.testng.SoftAssert.softAssert(SoftAssert.java:13)
at com.testng.SoftAssert.softAssert(SoftAssert.java:13)
at com.testng.SoftAssert.softAssert(SoftAssert.java:13)
at com.testng.SoftAssert.softAssert(SoftAssert.java:13)
at com.testng.SoftAssert.softAssert(SoftAssert.java:13)
at com.testng.SoftAssert.softAssert(SoftAssert.java:13)
at com.testng.SoftAssert.softAssert(SoftAssert.java:13)
at com.testng.SoftAssert.softAssert(SoftAssert.java:13)
at com.testng.SoftAssert.softAssert(SoftAssert.java:13)
at com.testng.SoftAssert.softAssert(SoftAssert.java:13)
at com.testng.SoftAssert.softAssert(SoftAssert.java:13)
at com.testng.SoftAssert.softAssert(SoftAssert.java:13)
at com.testng.SoftAssert.softAssert(SoftAssert.java:13)
at com.testng.SoftAssert.softAssert(SoftAssert.java:13)
at com.testng.SoftAssert.softAssert(SoftAssert.java:13)
at com.testng.SoftAssert.softAssert(SoftAssert.java:13)
at com.testng.SoftAssert.softAssert(SoftAssert.java:13)
at com.testng.SoftAssert.softAssert(SoftAssert.java:13)
at com.testng.SoftAssert.softAssert(SoftAssert.java:13)
at com.testng.SoftAssert.softAssert(SoftAssert.java:13)
at com.testng.SoftAssert.softAssert(SoftAssert.java:13)
at com.testng.SoftAssert.softAssert(SoftAssert.java:13)
at com.testng.SoftAssert.softAssert(SoftAssert.java:13)
at com.testng.SoftAssert.softAssert(SoftAssert.java:13)
at com.testng.SoftAssert.softAssert(SoftAssert.java:13)
at com.testng.SoftAssert.softAssert(SoftAssert.java:13)
at com.testng.SoftAssert.softAssert(SoftAssert.java:13)
at com.testng.SoftAssert.softAssert(SoftAssert.java:13)
at com.testng.SoftAssert.softAssert(SoftAssert.java:13)
at com.testng.SoftAssert.softAssert(SoftAssert.java:13)
at com.testng.SoftAssert.softAssert(SoftAssert.java:13)
at com.testng.SoftAssert.softAssert(SoftAssert.java:13)
at com.testng.SoftAssert.softAssert(SoftAssert.java:13)
at com.testng.SoftAssert.softAssert(SoftAssert.java:13)
at com.testng.SoftAssert.softAssert(SoftAssert.java:13)
at com.testng.SoftAssert.softAssert(SoftAssert.java:13)
at com.testng.SoftAssert.softAssert(SoftAssert.java:13)
at com.testng.SoftAssert.softAssert(SoftAssert.java:13)
at com.testng.SoftAssert.softAssert(SoftAssert.java:13)
at com.testng.SoftAssert.softAssert(SoftAssert.java:13)
at com.testng.SoftAssert.softAssert(SoftAssert.java:13)
at com.testng.SoftAssert.softAssert(SoftAssert.java:13)
at com.testng.SoftAssert.softAssert(SoftAssert.java:13)
at com.testng.SoftAssert.softAssert(SoftAssert.java:13)
at com.testng.SoftAssert.softAssert(SoftAssert.java:13)
at com.testng.SoftAssert.softAssert(SoftAssert.java:13)
at com.testng.SoftAssert.softAssert(SoftAssert.java:13)
at com.testng.SoftAssert.softAssert(SoftAssert.java:13)
at com.testng.SoftAssert.softAssert(SoftAssert.java:13)
at com.testng.SoftAssert.softAssert(SoftAssert.java:13)
at com.testng.SoftAssert.softAssert(SoftAssert.java:13)
at com.testng.SoftAssert.softAssert(SoftAssert.java:13)
at com.testng.SoftAssert.softAssert(SoftAssert.java:13)
at com.testng.SoftAssert.softAssert(SoftAssert.java:13)
at com.testng.SoftAssert.softAssert(SoftAssert.java:13)
at com.testng.SoftAssert.softAssert(SoftAssert.java:13)
at com.testng.SoftAssert.softAssert(SoftAssert.java:13)
at com.testng.SoftAssert.softAssert(SoftAssert.java:13)
at com.testng.SoftAssert.softAssert(SoftAssert.java:13)
at com.testng.SoftAssert.softAssert(SoftAssert.java:13)
at com.testng.SoftAssert.softAssert(SoftAssert.java:13)
at com.testng.SoftAssert.softAssert(SoftAssert.java:13)
at com.testng.SoftAssert.softAssert(SoftAssert.java:13)
at com.testng.SoftAssert.softAssert(SoftAssert.java:13)
at com.testng.SoftAssert.softAssert(SoftAssert.java:13)
at com.testng.SoftAssert.softAssert(SoftAssert.java:13)
at com.testng.SoftAssert.softAssert(SoftAssert.java:13)
at com.testng.SoftAssert.softAssert(SoftAssert.java:13)
at com.testng.SoftAssert.softAssert(SoftAssert.java:13)
at com.testng.SoftAssert.softAssert(SoftAssert.java:13)
at com.testng.SoftAssert.softAssert(SoftAssert.java:13)
at com.testng.SoftAssert.softAssert(SoftAssert.java:13)
at com.testng.SoftAssert.softAssert(SoftAssert.java:13)
at com.testng.SoftAssert.softAssert(SoftAssert.java:13)
at com.testng.SoftAssert.softAssert(SoftAssert.java:13)
at com.testng.SoftAssert.softAssert(SoftAssert.java:13)
at com.testng.SoftAssert.softAssert(SoftAssert.java:13)
at com.testng.SoftAssert.softAssert(SoftAssert.java:13)
at com.testng.SoftAssert.softAssert(SoftAssert.java:13)
at com.testng.SoftAssert.softAssert(SoftAssert.java:13)
at com.testng.SoftAssert.softAssert(SoftAssert.java:13)
at com.testng.SoftAssert.softAssert(SoftAssert.java:13)
at com.testng.SoftAssert.softAssert(SoftAssert.java:13)
at com.testng.SoftAssert.softAssert(SoftAssert.java:13)
at com.testng.SoftAssert.softAssert(SoftAssert.java:13)
at com.testng.SoftAssert.softAssert(SoftAssert.java:13)
at com.testng.SoftAssert.softAssert(SoftAssert.java:13)
at com.testng.SoftAssert.softAssert(SoftAssert.java:13)
at com.testng.SoftAssert.softAssert(SoftAssert.java:13)
at com.testng.SoftAssert.softAssert(SoftAssert.java:13)
at com.testng.SoftAssert.softAssert(SoftAssert.java:13)
at com.testng.SoftAssert.softAssert(SoftAssert.java:13)
at com.testng.SoftAssert.softAssert(SoftAssert.java:13)
at com.testng.SoftAssert.softAssert(SoftAssert.java:13)
at com.testng.SoftAssert.softAssert(SoftAssert.java:13)
at com.testng.SoftAssert.softAssert(SoftAssert.java:13)
at com.testng.SoftAssert.softAssert(SoftAssert.java:13)
at com.testng.SoftAssert.softAssert(SoftAssert.java:13)
at com.testng.SoftAssert.softAssert(SoftAssert.java:13)
at com.testng.SoftAssert.softAssert(SoftAssert.java:13)
at com.testng.SoftAssert.softAssert(SoftAssert.java:13)
at com.testng.SoftAssert.softAssert(SoftAssert.java:13)
at com.testng.SoftAssert.softAssert(SoftAssert.java:13)
at com.testng.SoftAssert.softAssert(SoftAssert.java:13)
at com.testng.SoftAssert.softAssert(SoftAssert.java:13)
at com.testng.SoftAssert.softAssert(SoftAssert.java:13)
at com.testng.SoftAssert.softAssert(SoftAssert.java:13)
at com.testng.SoftAssert.softAssert(SoftAssert.java:13)
at com.testng.SoftAssert.softAssert(SoftAssert.java:13)
at com.testng.SoftAssert.softAssert(SoftAssert.java:13)
at com.testng.SoftAssert.softAssert(SoftAssert.java:13)
at com.testng.SoftAssert.softAssert(SoftAssert.java:13)
at com.testng.SoftAssert.softAssert(SoftAssert.java:13)
at com.testng.SoftAssert.softAssert(SoftAssert.java:13)
at com.testng.SoftAssert.softAssert(SoftAssert.java:13)
at com.testng.SoftAssert.softAssert(SoftAssert.java:13)
at com.testng.SoftAssert.softAssert(SoftAssert.java:13)
at com.testng.SoftAssert.softAssert(SoftAssert.java:13)
at com.testng.SoftAssert.softAssert(SoftAssert.java:13)
at com.testng.SoftAssert.softAssert(SoftAssert.java:13)
at com.testng.SoftAssert.softAssert(SoftAssert.java:13)
at com.testng.SoftAssert.softAssert(SoftAssert.java:13)
at com.testng.SoftAssert.softAssert(SoftAssert.java:13)
at com.testng.SoftAssert.softAssert(SoftAssert.java:13)
at com.testng.SoftAssert.softAssert(SoftAssert.java:13)
at com.testng.SoftAssert.softAssert(SoftAssert.java:13)
at com.testng.SoftAssert.softAssert(SoftAssert.java:13)
at com.testng.SoftAssert.softAssert(SoftAssert.java:13)
at com.testng.SoftAssert.softAssert(SoftAssert.java:13)
at com.testng.SoftAssert.softAssert(SoftAssert.java:13)
at com.testng.SoftAssert.softAssert(SoftAssert.java:13)
at com.testng.SoftAssert.softAssert(SoftAssert.java:13)
at com.testng.SoftAssert.softAssert(SoftAssert.java:13)
at com.testng.SoftAssert.softAssert(SoftAssert.java:13)
at com.testng.SoftAssert.softAssert(SoftAssert.java:13)
at com.testng.SoftAssert.softAssert(SoftAssert.java:13)
at com.testng.SoftAssert.softAssert(SoftAssert.java:13)
at com.testng.SoftAssert.softAssert(SoftAssert.java:13)
at com.testng.SoftAssert.softAssert(SoftAssert.java:13)
at com.testng.SoftAssert.softAssert(SoftAssert.java:13)
at com.testng.SoftAssert.softAssert(SoftAssert.java:13)
at com.testng.SoftAssert.softAssert(SoftAssert.java:13)
at com.testng.SoftAssert.softAssert(SoftAssert.java:13)
at com.testng.SoftAssert.softAssert(SoftAssert.java:13)
at com.testng.SoftAssert.softAssert(SoftAssert.java:13)
at com.testng.SoftAssert.softAssert(SoftAssert.java:13)
at com.testng.SoftAssert.softAssert(SoftAssert.java:13)
at com.testng.SoftAssert.softAssert(SoftAssert.java:13)
at com.testng.SoftAssert.softAssert(SoftAssert.java:13)
at com.testng.SoftAssert.softAssert(SoftAssert.java:13)
at com.testng.SoftAssert.softAssert(SoftAssert.java:13)
at com.testng.SoftAssert.softAssert(SoftAssert.java:13)
at com.testng.SoftAssert.softAssert(SoftAssert.java:13)
at com.testng.SoftAssert.softAssert(SoftAssert.java:13)
at com.testng.SoftAssert.softAssert(SoftAssert.java:13)
at com.testng.SoftAssert.softAssert(SoftAssert.java:13)
at com.testng.SoftAssert.softAssert(SoftAssert.java:13)
at com.testng.SoftAssert.softAssert(SoftAssert.java:13)
at com.testng.SoftAssert.softAssert(SoftAssert.java:13)
at com.testng.SoftAssert.softAssert(SoftAssert.java:13)
at com.testng.SoftAssert.softAssert(SoftAssert.java:13)
at com.testng.SoftAssert.softAssert(SoftAssert.java:13)
at com.testng.SoftAssert.softAssert(SoftAssert.java:13)
at com.testng.SoftAssert.softAssert(SoftAssert.java:13)
at com.testng.SoftAssert.softAssert(SoftAssert.java:13)
at com.testng.SoftAssert.softAssert(SoftAssert.java:13)
at com.testng.SoftAssert.softAssert(SoftAssert.java:13)
at com.testng.SoftAssert.softAssert(SoftAssert.java:13)
at com.testng.SoftAssert.softAssert(SoftAssert.java:13)
at com.testng.SoftAssert.softAssert(SoftAssert.java:13)
at com.testng.SoftAssert.softAssert(SoftAssert.java:13)
at com.testng.SoftAssert.softAssert(SoftAssert.java:13)
at com.testng.SoftAssert.softAssert(SoftAssert.java:13)
at com.testng.SoftAssert.softAssert(SoftAssert.java:13)
at com.testng.SoftAssert.softAssert(SoftAssert.java:13)
at com.testng.SoftAssert.softAssert(SoftAssert.java:13)
at com.testng.SoftAssert.softAssert(SoftAssert.java:13)
at com.testng.SoftAssert.softAssert(SoftAssert.java:13)
at com.testng.SoftAssert.softAssert(SoftAssert.java:13)
at com.testng.SoftAssert.softAssert(SoftAssert.java:13)
at com.testng.SoftAssert.softAssert(SoftAssert.java:13)
at com.testng.SoftAssert.softAssert(SoftAssert.java:13)
at com.testng.SoftAssert.softAssert(SoftAssert.java:13)
at com.testng.SoftAssert.softAssert(SoftAssert.java:13)
at com.testng.SoftAssert.softAssert(SoftAssert.java:13)
at com.testng.SoftAssert.softAssert(SoftAssert.java:13)
at com.testng.SoftAssert.softAssert(SoftAssert.java:13)
at com.testng.SoftAssert.softAssert(SoftAssert.java:13)
at com.testng.SoftAssert.softAssert(SoftAssert.java:13)
at com.testng.SoftAssert.softAssert(SoftAssert.java:13)
at com.testng.SoftAssert.softAssert(SoftAssert.java:13)
at com.testng.SoftAssert.softAssert(SoftAssert.java:13)
at com.testng.SoftAssert.softAssert(SoftAssert.java:13)
at com.testng.SoftAssert.softAssert(SoftAssert.java:13)
at com.testng.SoftAssert.softAssert(SoftAssert.java:13)
at com.testng.SoftAssert.softAssert(SoftAssert.java:13)
at com.testng.SoftAssert.softAssert(SoftAssert.java:13)
at com.testng.SoftAssert.softAssert(SoftAssert.java:13)
at com.testng.SoftAssert.softAssert(SoftAssert.java:13)
at com.testng.SoftAssert.softAssert(SoftAssert.java:13)
at com.testng.SoftAssert.softAssert(SoftAssert.java:13)
at com.testng.SoftAssert.softAssert(SoftAssert.java:13)
at com.testng.SoftAssert.softAssert(SoftAssert.java:13)
at com.testng.SoftAssert.softAssert(SoftAssert.java:13)
at com.testng.SoftAssert.softAssert(SoftAssert.java:13)
at com.testng.SoftAssert.softAssert(SoftAssert.java:13)
at com.testng.SoftAssert.softAssert(SoftAssert.java:13)
at com.testng.SoftAssert.softAssert(SoftAssert.java:13)
at com.testng.SoftAssert.softAssert(SoftAssert.java:13)
at com.testng.SoftAssert.softAssert(SoftAssert.java:13)
at com.testng.SoftAssert.softAssert(SoftAssert.java:13)
at com.testng.SoftAssert.softAssert(SoftAssert.java:13)
at com.testng.SoftAssert.softAssert(SoftAssert.java:13)
at com.testng.SoftAssert.softAssert(SoftAssert.java:13)
at com.testng.SoftAssert.softAssert(SoftAssert.java:13)
at com.testng.SoftAssert.softAssert(SoftAssert.java:13)
at com.testng.SoftAssert.softAssert(SoftAssert.java:13)
at com.testng.SoftAssert.softAssert(SoftAssert.java:13)
at com.testng.SoftAssert.softAssert(SoftAssert.java:13)
at com.testng.SoftAssert.softAssert(SoftAssert.java:13)
at com.testng.SoftAssert.softAssert(SoftAssert.java:13)
at com.testng.SoftAssert.softAssert(SoftAssert.java:13)
at com.testng.SoftAssert.softAssert(SoftAssert.java:13)
at com.testng.SoftAssert.softAssert(SoftAssert.java:13)
at com.testng.SoftAssert.softAssert(SoftAssert.java:13)
at com.testng.SoftAssert.softAssert(SoftAssert.java:13)
at com.testng.SoftAssert.softAssert(SoftAssert.java:13)
at com.testng.SoftAssert.softAssert(SoftAssert.java:13)
at com.testng.SoftAssert.softAssert(SoftAssert.java:13)
at com.testng.SoftAssert.softAssert(SoftAssert.java:13)
at com.testng.SoftAssert.softAssert(SoftAssert.java:13)
at com.testng.SoftAssert.softAssert(SoftAssert.java:13)
at com.testng.SoftAssert.softAssert(SoftAssert.java:13)
at com.testng.SoftAssert.softAssert(SoftAssert.java:13)
at com.testng.SoftAssert.softAssert(SoftAssert.java:13)
at com.testng.SoftAssert.softAssert(SoftAssert.java:13)
at com.testng.SoftAssert.softAssert(SoftAssert.java:13)
at com.testng.SoftAssert.softAssert(SoftAssert.java:13)
at com.testng.SoftAssert.softAssert(SoftAssert.java:13)
at com.testng.SoftAssert.softAssert(SoftAssert.java:13)
at com.testng.SoftAssert.softAssert(SoftAssert.java:13)
at com.testng.SoftAssert.softAssert(SoftAssert.java:13)
at com.testng.SoftAssert.softAssert(SoftAssert.java:13)
at com.testng.SoftAssert.softAssert(SoftAssert.java:13)
at com.testng.SoftAssert.softAssert(SoftAssert.java:13)
at com.testng.SoftAssert.softAssert(SoftAssert.java:13)
at com.testng.SoftAssert.softAssert(SoftAssert.java:13)
at com.testng.SoftAssert.softAssert(SoftAssert.java:13)
at com.testng.SoftAssert.softAssert(SoftAssert.java:13)
at com.testng.SoftAssert.softAssert(SoftAssert.java:13)
at com.testng.SoftAssert.softAssert(SoftAssert.java:13)
at com.testng.SoftAssert.softAssert(SoftAssert.java:13)
at com.testng.SoftAssert.softAssert(SoftAssert.java:13)
at com.testng.SoftAssert.softAssert(SoftAssert.java:13)
at com.testng.SoftAssert.softAssert(SoftAssert.java:13)
at com.testng.SoftAssert.softAssert(SoftAssert.java:13)
at com.testng.SoftAssert.softAssert(SoftAssert.java:13)
at com.testng.SoftAssert.softAssert(SoftAssert.java:13)
at com.testng.SoftAssert.softAssert(SoftAssert.java:13)
at com.testng.SoftAssert.softAssert(SoftAssert.java:13)
at com.testng.SoftAssert.softAssert(SoftAssert.java:13)
at com.testng.SoftAssert.softAssert(SoftAssert.java:13)
at com.testng.SoftAssert.softAssert(SoftAssert.java:13)
at com.testng.SoftAssert.softAssert(SoftAssert.java:13)
at com.testng.SoftAssert.softAssert(SoftAssert.java:13)
at com.testng.SoftAssert.softAssert(SoftAssert.java:13)
at com.testng.SoftAssert.softAssert(SoftAssert.java:13)
at com.testng.SoftAssert.softAssert(SoftAssert.java:13)
at com.testng.SoftAssert.softAssert(SoftAssert.java:13)
at com.testng.SoftAssert.softAssert(SoftAssert.java:13)
at com.testng.SoftAssert.softAssert(SoftAssert.java:13)
at com.testng.SoftAssert.softAssert(SoftAssert.java:13)
at com.testng.SoftAssert.softAssert(SoftAssert.java:13)
at com.testng.SoftAssert.softAssert(SoftAssert.java:13)
at com.testng.SoftAssert.softAssert(SoftAssert.java:13)
at com.testng.SoftAssert.softAssert(SoftAssert.java:13)
at com.testng.SoftAssert.softAssert(SoftAssert.java:13)
at com.testng.SoftAssert.softAssert(SoftAssert.java:13)
at com.testng.SoftAssert.softAssert(SoftAssert.java:13)
at com.testng.SoftAssert.softAssert(SoftAssert.java:13)
at com.testng.SoftAssert.softAssert(SoftAssert.java:13)
at com.testng.SoftAssert.softAssert(SoftAssert.java:13)
at com.testng.SoftAssert.softAssert(SoftAssert.java:13)
at com.testng.SoftAssert.softAssert(SoftAssert.java:13)
at com.testng.SoftAssert.softAssert(SoftAssert.java:13)
at com.testng.SoftAssert.softAssert(SoftAssert.java:13)
at com.testng.SoftAssert.softAssert(SoftAssert.java:13)
]]>
    </failure>
  </testcase> <!-- softAssert -->
</testsuite> <!-- Default test -->
