<?xml version="1.0" encoding="UTF-8"?>
<!-- Generated by org.testng.reporters.JUnitXMLReporter -->
<testsuite ignored="0" hostname="LAPTOP-7FRJBO5L" failures="1" tests="7" name="Test" time="0.077" errors="0" timestamp="2022-03-05T09:47:18 IST">
  <testcase classname="com.testng_Nandhini.MyTest_Retry" name="uName" time="0.011">
    <skipped/>
  </testcase> <!-- uName -->
  <testcase classname="com.testng_Nandhini.MyTest_Retry" name="uName" time="0.001">
    <skipped/>
  </testcase> <!-- uName -->
  <testcase classname="com.testng_Nandhini.MyTest_Retry" name="uName" time="0.002">
    <skipped/>
  </testcase> <!-- uName -->
  <testcase classname="com.testng_Nandhini.MyTest_Retry" name="uName" time="0.003">
    <skipped/>
  </testcase> <!-- uName -->
  <testcase classname="com.testng_Nandhini.MyTest_Retry" name="uName" time="0.003">
    <skipped/>
  </testcase> <!-- uName -->
  <testcase classname="com.testng_Nandhini.MyTest_Retry" name="uName" time="0.002">
    <failure type="java.lang.AssertionError" message="expected [Abi] but found [Anu]">
      <![CDATA[java.lang.AssertionError: expected [Abi] but found [Anu]
at com.testng_Nandhini.MyTest_Retry.uName(MyTest_Retry.java:14)
at java.base/java.util.ArrayList.forEach(ArrayList.java:1541)
... Removed 33 stack frames]]>
    </failure>
  </testcase> <!-- uName -->
  <testcase classname="com.testng_Nandhini.MyTest_Retry" name="uPassword" time="0.001"/>
</testsuite> <!-- Test -->
