<?xml version="1.0" encoding="UTF-8"?>
<testng-results ignored="0" total="1" passed="0" failed="1" skipped="0">
  <reporter-output>
  </reporter-output>
  <suite started-at="2021-12-01T05:42:06 IST" name="Default suite" finished-at="2021-12-01T05:42:06 IST" duration-ms="203">
    <groups>
    </groups>
    <test started-at="2021-12-01T05:42:06 IST" name="Default test" finished-at="2021-12-01T05:42:06 IST" duration-ms="203">
      <class name="com.testng.SoftAssert">
        <test-method signature="softAssert()[pri:0, instance:com.testng.SoftAssert@732c2a62]" started-at="2021-12-01T05:42:06 IST" name="softAssert" finished-at="2021-12-01T05:42:06 IST" duration-ms="149" status="FAIL">
          <exception class="java.lang.StackOverflowError">
            <full-stacktrace>
              <![CDATA[java.lang.StackOverflowError
at java.base/java.nio.CharBuffer.position(CharBuffer.java:1158)
at java.base/java.nio.CharBuffer.position(CharBuffer.java:263)
at java.base/sun.nio.cs.SingleByte.withResult(SingleByte.java:44)
at java.base/sun.nio.cs.SingleByte$Encoder.encodeArrayLoop(SingleByte.java:199)
at java.base/sun.nio.cs.SingleByte$Encoder.encodeLoop(SingleByte.java:232)
at java.base/java.nio.charset.CharsetEncoder.encode(CharsetEncoder.java:576)
at java.base/sun.nio.cs.StreamEncoder.implWrite(StreamEncoder.java:292)
at java.base/sun.nio.cs.StreamEncoder.implWrite(StreamEncoder.java:281)
at java.base/sun.nio.cs.StreamEncoder.write(StreamEncoder.java:125)
at java.base/java.io.OutputStreamWriter.write(OutputStreamWriter.java:208)
at java.base/java.io.BufferedWriter.flushBuffer(BufferedWriter.java:120)
at java.base/java.io.PrintStream.write(PrintStream.java:605)
at java.base/java.io.PrintStream.print(PrintStream.java:745)
at java.base/java.io.PrintStream.println(PrintStream.java:882)
at com.testng.SoftAssert.softAssert(SoftAssert.java:12)
at com.testng.SoftAssert.softAssert(SoftAssert.java:13)
at com.testng.SoftAssert.softAssert(SoftAssert.java:13)
at com.testng.SoftAssert.softAssert(SoftAssert.java:13)
at com.testng.SoftAssert.softAssert(SoftAssert.java:13)
at com.testng.SoftAssert.softAssert(SoftAssert.java:13)
at com.testng.SoftAssert.softAssert(SoftAssert.java:13)
at com.testng.SoftAssert.softAssert(SoftAssert.java:13)
at com.testng.SoftAssert.softAssert(SoftAssert.java:13)
at com.testng.SoftAssert.softAssert(SoftAssert.java:13)
at com.testng.SoftAssert.softAssert(SoftAssert.java:13)
at com.testng.SoftAssert.softAssert(SoftAssert.java:13)
at com.testng.SoftAssert.softAssert(SoftAssert.java:13)
at com.testng.SoftAssert.softAssert(SoftAssert.java:13)
at com.testng.SoftAssert.softAssert(SoftAssert.java:13)
at com.testng.SoftAssert.softAssert(SoftAssert.java:13)
at com.testng.SoftAssert.softAssert(SoftAssert.java:13)
at com.testng.SoftAssert.softAssert(SoftAssert.java:13)
at com.testng.SoftAssert.softAssert(SoftAssert.java:13)
at com.testng.SoftAssert.softAssert(SoftAssert.java:13)
at com.testng.SoftAssert.softAssert(SoftAssert.java:13)
at com.testng.SoftAssert.softAssert(SoftAssert.java:13)
at com.testng.SoftAssert.softAssert(SoftAssert.java:13)
at com.testng.SoftAssert.softAssert(SoftAssert.java:13)
at com.testng.SoftAssert.softAssert(SoftAssert.java:13)
at com.testng.SoftAssert.softAssert(SoftAssert.java:13)
at com.testng.SoftAssert.softAssert(SoftAssert.java:13)
at com.testng.SoftAssert.softAssert(SoftAssert.java:13)
at com.testng.SoftAssert.softAssert(SoftAssert.java:13)
at com.testng.SoftAssert.softAssert(SoftAssert.java:13)
at com.testng.SoftAssert.softAssert(SoftAssert.java:13)
at com.testng.SoftAssert.softAssert(SoftAssert.java:13)
at com.testng.SoftAssert.softAssert(SoftAssert.java:13)
at com.testng.SoftAssert.softAssert(SoftAssert.java:13)
at com.testng.SoftAssert.softAssert(SoftAssert.java:13)
at com.testng.SoftAssert.softAssert(SoftAssert.java:13)
at com.testng.SoftAssert.softAssert(SoftAssert.java:13)
at com.testng.SoftAssert.softAssert(SoftAssert.java:13)
at com.testng.SoftAssert.softAssert(SoftAssert.java:13)
at com.testng.SoftAssert.softAssert(SoftAssert.java:13)
at com.testng.SoftAssert.softAssert(SoftAssert.java:13)
at com.testng.SoftAssert.softAssert(SoftAssert.java:13)
at com.testng.SoftAssert.softAssert(SoftAssert.java:13)
at com.testng.SoftAssert.softAssert(SoftAssert.java:13)
at com.testng.SoftAssert.softAssert(SoftAssert.java:13)
at com.testng.SoftAssert.softAssert(SoftAssert.java:13)
at com.testng.SoftAssert.softAssert(SoftAssert.java:13)
at com.testng.SoftAssert.softAssert(SoftAssert.java:13)
at com.testng.SoftAssert.softAssert(SoftAssert.java:13)
at com.testng.SoftAssert.softAssert(SoftAssert.java:13)
at com.testng.SoftAssert.softAssert(SoftAssert.java:13)
at com.testng.SoftAssert.softAssert(SoftAssert.java:13)
at com.testng.SoftAssert.softAssert(SoftAssert.java:13)
at com.testng.SoftAssert.softAssert(SoftAssert.java:13)
at com.testng.SoftAssert.softAssert(SoftAssert.java:13)
at com.testng.SoftAssert.softAssert(SoftAssert.java:13)
at com.testng.SoftAssert.softAssert(SoftAssert.java:13)
at com.testng.SoftAssert.softAssert(SoftAssert.java:13)
at com.testng.SoftAssert.softAssert(SoftAssert.java:13)
at com.testng.SoftAssert.softAssert(SoftAssert.java:13)
at com.testng.SoftAssert.softAssert(SoftAssert.java:13)
at com.testng.SoftAssert.softAssert(SoftAssert.java:13)
at com.testng.SoftAssert.softAssert(SoftAssert.java:13)
at com.testng.SoftAssert.softAssert(SoftAssert.java:13)
at com.testng.SoftAssert.softAssert(SoftAssert.java:13)
at com.testng.SoftAssert.softAssert(SoftAssert.java:13)
at com.testng.SoftAssert.softAssert(SoftAssert.java:13)
at com.testng.SoftAssert.softAssert(SoftAssert.java:13)
at com.testng.SoftAssert.softAssert(SoftAssert.java:13)
at com.testng.SoftAssert.softAssert(SoftAssert.java:13)
at com.testng.SoftAssert.softAssert(SoftAssert.java:13)
at com.testng.SoftAssert.softAssert(SoftAssert.java:13)
at com.testng.SoftAssert.softAssert(SoftAssert.java:13)
at com.testng.SoftAssert.softAssert(SoftAssert.java:13)
at com.testng.SoftAssert.softAssert(SoftAssert.java:13)
at com.testng.SoftAssert.softAssert(SoftAssert.java:13)
at com.testng.SoftAssert.softAssert(SoftAssert.java:13)
at com.testng.SoftAssert.softAssert(SoftAssert.java:13)
at com.testng.SoftAssert.softAssert(SoftAssert.java:13)
at com.testng.SoftAssert.softAssert(SoftAssert.java:13)
at com.testng.SoftAssert.softAssert(SoftAssert.java:13)
at com.testng.SoftAssert.softAssert(SoftAssert.java:13)
at com.testng.SoftAssert.softAssert(SoftAssert.java:13)
at com.testng.SoftAssert.softAssert(SoftAssert.java:13)
at com.testng.SoftAssert.softAssert(SoftAssert.java:13)
at com.testng.SoftAssert.softAssert(SoftAssert.java:13)
at com.testng.SoftAssert.softAssert(SoftAssert.java:13)
at com.testng.SoftAssert.softAssert(SoftAssert.java:13)
at com.testng.SoftAssert.softAssert(SoftAssert.java:13)
at com.testng.SoftAssert.softAssert(SoftAssert.java:13)
at com.testng.SoftAssert.softAssert(SoftAssert.java:13)
at com.testng.SoftAssert.softAssert(SoftAssert.java:13)
at com.testng.SoftAssert.softAssert(SoftAssert.java:13)
at com.testng.SoftAssert.softAssert(SoftAssert.java:13)
at com.testng.SoftAssert.softAssert(SoftAssert.java:13)
at com.testng.SoftAssert.softAssert(SoftAssert.java:13)
at com.testng.SoftAssert.softAssert(SoftAssert.java:13)
at com.testng.SoftAssert.softAssert(SoftAssert.java:13)
at com.testng.SoftAssert.softAssert(SoftAssert.java:13)
at com.testng.SoftAssert.softAssert(SoftAssert.java:13)
at com.testng.SoftAssert.softAssert(SoftAssert.java:13)
at com.testng.SoftAssert.softAssert(SoftAssert.java:13)
at com.testng.SoftAssert.softAssert(SoftAssert.java:13)
at com.testng.SoftAssert.softAssert(SoftAssert.java:13)
at com.testng.SoftAssert.softAssert(SoftAssert.java:13)
at com.testng.SoftAssert.softAssert(SoftAssert.java:13)
at com.testng.SoftAssert.softAssert(SoftAssert.java:13)
at com.testng.SoftAssert.softAssert(SoftAssert.java:13)
at com.testng.SoftAssert.softAssert(SoftAssert.java:13)
at com.testng.SoftAssert.softAssert(SoftAssert.java:13)
at com.testng.SoftAssert.softAssert(SoftAssert.java:13)
at com.testng.SoftAssert.softAssert(SoftAssert.java:13)
at com.testng.SoftAssert.softAssert(SoftAssert.java:13)
at com.testng.SoftAssert.softAssert(SoftAssert.java:13)
at com.testng.SoftAssert.softAssert(SoftAssert.java:13)
at com.testng.SoftAssert.softAssert(SoftAssert.java:13)
at com.testng.SoftAssert.softAssert(SoftAssert.java:13)
at com.testng.SoftAssert.softAssert(SoftAssert.java:13)
at com.testng.SoftAssert.softAssert(SoftAssert.java:13)
at com.testng.SoftAssert.softAssert(SoftAssert.java:13)
at com.testng.SoftAssert.softAssert(SoftAssert.java:13)
at com.testng.SoftAssert.softAssert(SoftAssert.java:13)
at com.testng.SoftAssert.softAssert(SoftAssert.java:13)
at com.testng.SoftAssert.softAssert(SoftAssert.java:13)
at com.testng.SoftAssert.softAssert(SoftAssert.java:13)
at com.testng.SoftAssert.softAssert(SoftAssert.java:13)
at com.testng.SoftAssert.softAssert(SoftAssert.java:13)
at com.testng.SoftAssert.softAssert(SoftAssert.java:13)
at com.testng.SoftAssert.softAssert(SoftAssert.java:13)
at com.testng.SoftAssert.softAssert(SoftAssert.java:13)
at com.testng.SoftAssert.softAssert(SoftAssert.java:13)
at com.testng.SoftAssert.softAssert(SoftAssert.java:13)
at com.testng.SoftAssert.softAssert(SoftAssert.java:13)
at com.testng.SoftAssert.softAssert(SoftAssert.java:13)
at com.testng.SoftAssert.softAssert(SoftAssert.java:13)
at com.testng.SoftAssert.softAssert(SoftAssert.java:13)
at com.testng.SoftAssert.softAssert(SoftAssert.java:13)
at com.testng.SoftAssert.softAssert(SoftAssert.java:13)
at com.testng.SoftAssert.softAssert(SoftAssert.java:13)
at com.testng.SoftAssert.softAssert(SoftAssert.java:13)
at com.testng.SoftAssert.softAssert(SoftAssert.java:13)
at com.testng.SoftAssert.softAssert(SoftAssert.java:13)
at com.testng.SoftAssert.softAssert(SoftAssert.java:13)
at com.testng.SoftAssert.softAssert(SoftAssert.java:13)
at com.testng.SoftAssert.softAssert(SoftAssert.java:13)
at com.testng.SoftAssert.softAssert(SoftAssert.java:13)
at com.testng.SoftAssert.softAssert(SoftAssert.java:13)
at com.testng.SoftAssert.softAssert(SoftAssert.java:13)
at com.testng.SoftAssert.softAssert(SoftAssert.java:13)
at com.testng.SoftAssert.softAssert(SoftAssert.java:13)
at com.testng.SoftAssert.softAssert(SoftAssert.java:13)
at com.testng.SoftAssert.softAssert(SoftAssert.java:13)
at com.testng.SoftAssert.softAssert(SoftAssert.java:13)
at com.testng.SoftAssert.softAssert(SoftAssert.java:13)
at com.testng.SoftAssert.softAssert(SoftAssert.java:13)
at com.testng.SoftAssert.softAssert(SoftAssert.java:13)
at com.testng.SoftAssert.softAssert(SoftAssert.java:13)
at com.testng.SoftAssert.softAssert(SoftAssert.java:13)
at com.testng.SoftAssert.softAssert(SoftAssert.java:13)
at com.testng.SoftAssert.softAssert(SoftAssert.java:13)
at com.testng.SoftAssert.softAssert(SoftAssert.java:13)
at com.testng.SoftAssert.softAssert(SoftAssert.java:13)
at com.testng.SoftAssert.softAssert(SoftAssert.java:13)
at com.testng.SoftAssert.softAssert(SoftAssert.java:13)
at com.testng.SoftAssert.softAssert(SoftAssert.java:13)
at com.testng.SoftAssert.softAssert(SoftAssert.java:13)
at com.testng.SoftAssert.softAssert(SoftAssert.java:13)
at com.testng.SoftAssert.softAssert(SoftAssert.java:13)
at com.testng.SoftAssert.softAssert(SoftAssert.java:13)
at com.testng.SoftAssert.softAssert(SoftAssert.java:13)
at com.testng.SoftAssert.softAssert(SoftAssert.java:13)
at com.testng.SoftAssert.softAssert(SoftAssert.java:13)
at com.testng.SoftAssert.softAssert(SoftAssert.java:13)
at com.testng.SoftAssert.softAssert(SoftAssert.java:13)
at com.testng.SoftAssert.softAssert(SoftAssert.java:13)
at com.testng.SoftAssert.softAssert(SoftAssert.java:13)
at com.testng.SoftAssert.softAssert(SoftAssert.java:13)
at com.testng.SoftAssert.softAssert(SoftAssert.java:13)
at com.testng.SoftAssert.softAssert(SoftAssert.java:13)
at com.testng.SoftAssert.softAssert(SoftAssert.java:13)
at com.testng.SoftAssert.softAssert(SoftAssert.java:13)
at com.testng.SoftAssert.softAssert(SoftAssert.java:13)
at com.testng.SoftAssert.softAssert(SoftAssert.java:13)
at com.testng.SoftAssert.softAssert(SoftAssert.java:13)
at com.testng.SoftAssert.softAssert(SoftAssert.java:13)
at com.testng.SoftAssert.softAssert(SoftAssert.java:13)
at com.testng.SoftAssert.softAssert(SoftAssert.java:13)
at com.testng.SoftAssert.softAssert(SoftAssert.java:13)
at com.testng.SoftAssert.softAssert(SoftAssert.java:13)
at com.testng.SoftAssert.softAssert(SoftAssert.java:13)
at com.testng.SoftAssert.softAssert(SoftAssert.java:13)
at com.testng.SoftAssert.softAssert(SoftAssert.java:13)
at com.testng.SoftAssert.softAssert(SoftAssert.java:13)
at com.testng.SoftAssert.softAssert(SoftAssert.java:13)
at com.testng.SoftAssert.softAssert(SoftAssert.java:13)
at com.testng.SoftAssert.softAssert(SoftAssert.java:13)
at com.testng.SoftAssert.softAssert(SoftAssert.java:13)
at com.testng.SoftAssert.softAssert(SoftAssert.java:13)
at com.testng.SoftAssert.softAssert(SoftAssert.java:13)
at com.testng.SoftAssert.softAssert(SoftAssert.java:13)
at com.testng.SoftAssert.softAssert(SoftAssert.java:13)
at com.testng.SoftAssert.softAssert(SoftAssert.java:13)
at com.testng.SoftAssert.softAssert(SoftAssert.java:13)
at com.testng.SoftAssert.softAssert(SoftAssert.java:13)
at com.testng.SoftAssert.softAssert(SoftAssert.java:13)
at com.testng.SoftAssert.softAssert(SoftAssert.java:13)
at com.testng.SoftAssert.softAssert(SoftAssert.java:13)
at com.testng.SoftAssert.softAssert(SoftAssert.java:13)
at com.testng.SoftAssert.softAssert(SoftAssert.java:13)
at com.testng.SoftAssert.softAssert(SoftAssert.java:13)
at com.testng.SoftAssert.softAssert(SoftAssert.java:13)
at com.testng.SoftAssert.softAssert(SoftAssert.java:13)
at com.testng.SoftAssert.softAssert(SoftAssert.java:13)
at com.testng.SoftAssert.softAssert(SoftAssert.java:13)
at com.testng.SoftAssert.softAssert(SoftAssert.java:13)
at com.testng.SoftAssert.softAssert(SoftAssert.java:13)
at com.testng.SoftAssert.softAssert(SoftAssert.java:13)
at com.testng.SoftAssert.softAssert(SoftAssert.java:13)
at com.testng.SoftAssert.softAssert(SoftAssert.java:13)
at com.testng.SoftAssert.softAssert(SoftAssert.java:13)
at com.testng.SoftAssert.softAssert(SoftAssert.java:13)
at com.testng.SoftAssert.softAssert(SoftAssert.java:13)
at com.testng.SoftAssert.softAssert(SoftAssert.java:13)
at com.testng.SoftAssert.softAssert(SoftAssert.java:13)
at com.testng.SoftAssert.softAssert(SoftAssert.java:13)
at com.testng.SoftAssert.softAssert(SoftAssert.java:13)
at com.testng.SoftAssert.softAssert(SoftAssert.java:13)
at com.testng.SoftAssert.softAssert(SoftAssert.java:13)
at com.testng.SoftAssert.softAssert(SoftAssert.java:13)
at com.testng.SoftAssert.softAssert(SoftAssert.java:13)
at com.testng.SoftAssert.softAssert(SoftAssert.java:13)
at com.testng.SoftAssert.softAssert(SoftAssert.java:13)
at com.testng.SoftAssert.softAssert(SoftAssert.java:13)
at com.testng.SoftAssert.softAssert(SoftAssert.java:13)
at com.testng.SoftAssert.softAssert(SoftAssert.java:13)
at com.testng.SoftAssert.softAssert(SoftAssert.java:13)
at com.testng.SoftAssert.softAssert(SoftAssert.java:13)
at com.testng.SoftAssert.softAssert(SoftAssert.java:13)
at com.testng.SoftAssert.softAssert(SoftAssert.java:13)
at com.testng.SoftAssert.softAssert(SoftAssert.java:13)
at com.testng.SoftAssert.softAssert(SoftAssert.java:13)
at com.testng.SoftAssert.softAssert(SoftAssert.java:13)
at com.testng.SoftAssert.softAssert(SoftAssert.java:13)
at com.testng.SoftAssert.softAssert(SoftAssert.java:13)
at com.testng.SoftAssert.softAssert(SoftAssert.java:13)
at com.testng.SoftAssert.softAssert(SoftAssert.java:13)
at com.testng.SoftAssert.softAssert(SoftAssert.java:13)
at com.testng.SoftAssert.softAssert(SoftAssert.java:13)
at com.testng.SoftAssert.softAssert(SoftAssert.java:13)
at com.testng.SoftAssert.softAssert(SoftAssert.java:13)
at com.testng.SoftAssert.softAssert(SoftAssert.java:13)
at com.testng.SoftAssert.softAssert(SoftAssert.java:13)
at com.testng.SoftAssert.softAssert(SoftAssert.java:13)
at com.testng.SoftAssert.softAssert(SoftAssert.java:13)
at com.testng.SoftAssert.softAssert(SoftAssert.java:13)
at com.testng.SoftAssert.softAssert(SoftAssert.java:13)
at com.testng.SoftAssert.softAssert(SoftAssert.java:13)
at com.testng.SoftAssert.softAssert(SoftAssert.java:13)
at com.testng.SoftAssert.softAssert(SoftAssert.java:13)
at com.testng.SoftAssert.softAssert(SoftAssert.java:13)
at com.testng.SoftAssert.softAssert(SoftAssert.java:13)
at com.testng.SoftAssert.softAssert(SoftAssert.java:13)
at com.testng.SoftAssert.softAssert(SoftAssert.java:13)
at com.testng.SoftAssert.softAssert(SoftAssert.java:13)
at com.testng.SoftAssert.softAssert(SoftAssert.java:13)
at com.testng.SoftAssert.softAssert(SoftAssert.java:13)
at com.testng.SoftAssert.softAssert(SoftAssert.java:13)
at com.testng.SoftAssert.softAssert(SoftAssert.java:13)
at com.testng.SoftAssert.softAssert(SoftAssert.java:13)
at com.testng.SoftAssert.softAssert(SoftAssert.java:13)
at com.testng.SoftAssert.softAssert(SoftAssert.java:13)
at com.testng.SoftAssert.softAssert(SoftAssert.java:13)
at com.testng.SoftAssert.softAssert(SoftAssert.java:13)
at com.testng.SoftAssert.softAssert(SoftAssert.java:13)
at com.testng.SoftAssert.softAssert(SoftAssert.java:13)
at com.testng.SoftAssert.softAssert(SoftAssert.java:13)
at com.testng.SoftAssert.softAssert(SoftAssert.java:13)
at com.testng.SoftAssert.softAssert(SoftAssert.java:13)
at com.testng.SoftAssert.softAssert(SoftAssert.java:13)
at com.testng.SoftAssert.softAssert(SoftAssert.java:13)
at com.testng.SoftAssert.softAssert(SoftAssert.java:13)
at com.testng.SoftAssert.softAssert(SoftAssert.java:13)
at com.testng.SoftAssert.softAssert(SoftAssert.java:13)
at com.testng.SoftAssert.softAssert(SoftAssert.java:13)
at com.testng.SoftAssert.softAssert(SoftAssert.java:13)
at com.testng.SoftAssert.softAssert(SoftAssert.java:13)
at com.testng.SoftAssert.softAssert(SoftAssert.java:13)
at com.testng.SoftAssert.softAssert(SoftAssert.java:13)
at com.testng.SoftAssert.softAssert(SoftAssert.java:13)
at com.testng.SoftAssert.softAssert(SoftAssert.java:13)
at com.testng.SoftAssert.softAssert(SoftAssert.java:13)
at com.testng.SoftAssert.softAssert(SoftAssert.java:13)
at com.testng.SoftAssert.softAssert(SoftAssert.java:13)
at com.testng.SoftAssert.softAssert(SoftAssert.java:13)
at com.testng.SoftAssert.softAssert(SoftAssert.java:13)
at com.testng.SoftAssert.softAssert(SoftAssert.java:13)
at com.testng.SoftAssert.softAssert(SoftAssert.java:13)
at com.testng.SoftAssert.softAssert(SoftAssert.java:13)
at com.testng.SoftAssert.softAssert(SoftAssert.java:13)
at com.testng.SoftAssert.softAssert(SoftAssert.java:13)
at com.testng.SoftAssert.softAssert(SoftAssert.java:13)
at com.testng.SoftAssert.softAssert(SoftAssert.java:13)
at com.testng.SoftAssert.softAssert(SoftAssert.java:13)
at com.testng.SoftAssert.softAssert(SoftAssert.java:13)
at com.testng.SoftAssert.softAssert(SoftAssert.java:13)
at com.testng.SoftAssert.softAssert(SoftAssert.java:13)
at com.testng.SoftAssert.softAssert(SoftAssert.java:13)
at com.testng.SoftAssert.softAssert(SoftAssert.java:13)
at com.testng.SoftAssert.softAssert(SoftAssert.java:13)
at com.testng.SoftAssert.softAssert(SoftAssert.java:13)
at com.testng.SoftAssert.softAssert(SoftAssert.java:13)
at com.testng.SoftAssert.softAssert(SoftAssert.java:13)
at com.testng.SoftAssert.softAssert(SoftAssert.java:13)
at com.testng.SoftAssert.softAssert(SoftAssert.java:13)
at com.testng.SoftAssert.softAssert(SoftAssert.java:13)
at com.testng.SoftAssert.softAssert(SoftAssert.java:13)
at com.testng.SoftAssert.softAssert(SoftAssert.java:13)
at com.testng.SoftAssert.softAssert(SoftAssert.java:13)
at com.testng.SoftAssert.softAssert(SoftAssert.java:13)
at com.testng.SoftAssert.softAssert(SoftAssert.java:13)
at com.testng.SoftAssert.softAssert(SoftAssert.java:13)
at com.testng.SoftAssert.softAssert(SoftAssert.java:13)
at com.testng.SoftAssert.softAssert(SoftAssert.java:13)
at com.testng.SoftAssert.softAssert(SoftAssert.java:13)
at com.testng.SoftAssert.softAssert(SoftAssert.java:13)
at com.testng.SoftAssert.softAssert(SoftAssert.java:13)
at com.testng.SoftAssert.softAssert(SoftAssert.java:13)
at com.testng.SoftAssert.softAssert(SoftAssert.java:13)
at com.testng.SoftAssert.softAssert(SoftAssert.java:13)
at com.testng.SoftAssert.softAssert(SoftAssert.java:13)
at com.testng.SoftAssert.softAssert(SoftAssert.java:13)
at com.testng.SoftAssert.softAssert(SoftAssert.java:13)
at com.testng.SoftAssert.softAssert(SoftAssert.java:13)
at com.testng.SoftAssert.softAssert(SoftAssert.java:13)
at com.testng.SoftAssert.softAssert(SoftAssert.java:13)
at com.testng.SoftAssert.softAssert(SoftAssert.java:13)
at com.testng.SoftAssert.softAssert(SoftAssert.java:13)
at com.testng.SoftAssert.softAssert(SoftAssert.java:13)
at com.testng.SoftAssert.softAssert(SoftAssert.java:13)
at com.testng.SoftAssert.softAssert(SoftAssert.java:13)
at com.testng.SoftAssert.softAssert(SoftAssert.java:13)
at com.testng.SoftAssert.softAssert(SoftAssert.java:13)
at com.testng.SoftAssert.softAssert(SoftAssert.java:13)
at com.testng.SoftAssert.softAssert(SoftAssert.java:13)
at com.testng.SoftAssert.softAssert(SoftAssert.java:13)
at com.testng.SoftAssert.softAssert(SoftAssert.java:13)
at com.testng.SoftAssert.softAssert(SoftAssert.java:13)
at com.testng.SoftAssert.softAssert(SoftAssert.java:13)
at com.testng.SoftAssert.softAssert(SoftAssert.java:13)
at com.testng.SoftAssert.softAssert(SoftAssert.java:13)
at com.testng.SoftAssert.softAssert(SoftAssert.java:13)
at com.testng.SoftAssert.softAssert(SoftAssert.java:13)
at com.testng.SoftAssert.softAssert(SoftAssert.java:13)
at com.testng.SoftAssert.softAssert(SoftAssert.java:13)
at com.testng.SoftAssert.softAssert(SoftAssert.java:13)
at com.testng.SoftAssert.softAssert(SoftAssert.java:13)
at com.testng.SoftAssert.softAssert(SoftAssert.java:13)
at com.testng.SoftAssert.softAssert(SoftAssert.java:13)
at com.testng.SoftAssert.softAssert(SoftAssert.java:13)
at com.testng.SoftAssert.softAssert(SoftAssert.java:13)
at com.testng.SoftAssert.softAssert(SoftAssert.java:13)
at com.testng.SoftAssert.softAssert(SoftAssert.java:13)
at com.testng.SoftAssert.softAssert(SoftAssert.java:13)
at com.testng.SoftAssert.softAssert(SoftAssert.java:13)
at com.testng.SoftAssert.softAssert(SoftAssert.java:13)
at com.testng.SoftAssert.softAssert(SoftAssert.java:13)
at com.testng.SoftAssert.softAssert(SoftAssert.java:13)
at com.testng.SoftAssert.softAssert(SoftAssert.java:13)
at com.testng.SoftAssert.softAssert(SoftAssert.java:13)
at com.testng.SoftAssert.softAssert(SoftAssert.java:13)
at com.testng.SoftAssert.softAssert(SoftAssert.java:13)
at com.testng.SoftAssert.softAssert(SoftAssert.java:13)
at com.testng.SoftAssert.softAssert(SoftAssert.java:13)
at com.testng.SoftAssert.softAssert(SoftAssert.java:13)
at com.testng.SoftAssert.softAssert(SoftAssert.java:13)
at com.testng.SoftAssert.softAssert(SoftAssert.java:13)
at com.testng.SoftAssert.softAssert(SoftAssert.java:13)
at com.testng.SoftAssert.softAssert(SoftAssert.java:13)
at com.testng.SoftAssert.softAssert(SoftAssert.java:13)
at com.testng.SoftAssert.softAssert(SoftAssert.java:13)
at com.testng.SoftAssert.softAssert(SoftAssert.java:13)
at com.testng.SoftAssert.softAssert(SoftAssert.java:13)
at com.testng.SoftAssert.softAssert(SoftAssert.java:13)
at com.testng.SoftAssert.softAssert(SoftAssert.java:13)
at com.testng.SoftAssert.softAssert(SoftAssert.java:13)
at com.testng.SoftAssert.softAssert(SoftAssert.java:13)
at com.testng.SoftAssert.softAssert(SoftAssert.java:13)
at com.testng.SoftAssert.softAssert(SoftAssert.java:13)
at com.testng.SoftAssert.softAssert(SoftAssert.java:13)
at com.testng.SoftAssert.softAssert(SoftAssert.java:13)
at com.testng.SoftAssert.softAssert(SoftAssert.java:13)
at com.testng.SoftAssert.softAssert(SoftAssert.java:13)
at com.testng.SoftAssert.softAssert(SoftAssert.java:13)
at com.testng.SoftAssert.softAssert(SoftAssert.java:13)
at com.testng.SoftAssert.softAssert(SoftAssert.java:13)
at com.testng.SoftAssert.softAssert(SoftAssert.java:13)
at com.testng.SoftAssert.softAssert(SoftAssert.java:13)
at com.testng.SoftAssert.softAssert(SoftAssert.java:13)
at com.testng.SoftAssert.softAssert(SoftAssert.java:13)
at com.testng.SoftAssert.softAssert(SoftAssert.java:13)
at com.testng.SoftAssert.softAssert(SoftAssert.java:13)
at com.testng.SoftAssert.softAssert(SoftAssert.java:13)
at com.testng.SoftAssert.softAssert(SoftAssert.java:13)
at com.testng.SoftAssert.softAssert(SoftAssert.java:13)
at com.testng.SoftAssert.softAssert(SoftAssert.java:13)
at com.testng.SoftAssert.softAssert(SoftAssert.java:13)
at com.testng.SoftAssert.softAssert(SoftAssert.java:13)
at com.testng.SoftAssert.softAssert(SoftAssert.java:13)
at com.testng.SoftAssert.softAssert(SoftAssert.java:13)
at com.testng.SoftAssert.softAssert(SoftAssert.java:13)
at com.testng.SoftAssert.softAssert(SoftAssert.java:13)
at com.testng.SoftAssert.softAssert(SoftAssert.java:13)
at com.testng.SoftAssert.softAssert(SoftAssert.java:13)
at com.testng.SoftAssert.softAssert(SoftAssert.java:13)
at com.testng.SoftAssert.softAssert(SoftAssert.java:13)
at com.testng.SoftAssert.softAssert(SoftAssert.java:13)
at com.testng.SoftAssert.softAssert(SoftAssert.java:13)
at com.testng.SoftAssert.softAssert(SoftAssert.java:13)
at com.testng.SoftAssert.softAssert(SoftAssert.java:13)
at com.testng.SoftAssert.softAssert(SoftAssert.java:13)
at com.testng.SoftAssert.softAssert(SoftAssert.java:13)
at com.testng.SoftAssert.softAssert(SoftAssert.java:13)
at com.testng.SoftAssert.softAssert(SoftAssert.java:13)
at com.testng.SoftAssert.softAssert(SoftAssert.java:13)
at com.testng.SoftAssert.softAssert(SoftAssert.java:13)
at com.testng.SoftAssert.softAssert(SoftAssert.java:13)
at com.testng.SoftAssert.softAssert(SoftAssert.java:13)
at com.testng.SoftAssert.softAssert(SoftAssert.java:13)
at com.testng.SoftAssert.softAssert(SoftAssert.java:13)
at com.testng.SoftAssert.softAssert(SoftAssert.java:13)
at com.testng.SoftAssert.softAssert(SoftAssert.java:13)
at com.testng.SoftAssert.softAssert(SoftAssert.java:13)
at com.testng.SoftAssert.softAssert(SoftAssert.java:13)
at com.testng.SoftAssert.softAssert(SoftAssert.java:13)
at com.testng.SoftAssert.softAssert(SoftAssert.java:13)
at com.testng.SoftAssert.softAssert(SoftAssert.java:13)
at com.testng.SoftAssert.softAssert(SoftAssert.java:13)
at com.testng.SoftAssert.softAssert(SoftAssert.java:13)
at com.testng.SoftAssert.softAssert(SoftAssert.java:13)
at com.testng.SoftAssert.softAssert(SoftAssert.java:13)
at com.testng.SoftAssert.softAssert(SoftAssert.java:13)
at com.testng.SoftAssert.softAssert(SoftAssert.java:13)
at com.testng.SoftAssert.softAssert(SoftAssert.java:13)
at com.testng.SoftAssert.softAssert(SoftAssert.java:13)
at com.testng.SoftAssert.softAssert(SoftAssert.java:13)
at com.testng.SoftAssert.softAssert(SoftAssert.java:13)
at com.testng.SoftAssert.softAssert(SoftAssert.java:13)
at com.testng.SoftAssert.softAssert(SoftAssert.java:13)
at com.testng.SoftAssert.softAssert(SoftAssert.java:13)
at com.testng.SoftAssert.softAssert(SoftAssert.java:13)
at com.testng.SoftAssert.softAssert(SoftAssert.java:13)
at com.testng.SoftAssert.softAssert(SoftAssert.java:13)
at com.testng.SoftAssert.softAssert(SoftAssert.java:13)
at com.testng.SoftAssert.softAssert(SoftAssert.java:13)
at com.testng.SoftAssert.softAssert(SoftAssert.java:13)
at com.testng.SoftAssert.softAssert(SoftAssert.java:13)
at com.testng.SoftAssert.softAssert(SoftAssert.java:13)
at com.testng.SoftAssert.softAssert(SoftAssert.java:13)
at com.testng.SoftAssert.softAssert(SoftAssert.java:13)
at com.testng.SoftAssert.softAssert(SoftAssert.java:13)
at com.testng.SoftAssert.softAssert(SoftAssert.java:13)
at com.testng.SoftAssert.softAssert(SoftAssert.java:13)
at com.testng.SoftAssert.softAssert(SoftAssert.java:13)
at com.testng.SoftAssert.softAssert(SoftAssert.java:13)
at com.testng.SoftAssert.softAssert(SoftAssert.java:13)
at com.testng.SoftAssert.softAssert(SoftAssert.java:13)
at com.testng.SoftAssert.softAssert(SoftAssert.java:13)
at com.testng.SoftAssert.softAssert(SoftAssert.java:13)
at com.testng.SoftAssert.softAssert(SoftAssert.java:13)
at com.testng.SoftAssert.softAssert(SoftAssert.java:13)
at com.testng.SoftAssert.softAssert(SoftAssert.java:13)
at com.testng.SoftAssert.softAssert(SoftAssert.java:13)
at com.testng.SoftAssert.softAssert(SoftAssert.java:13)
at com.testng.SoftAssert.softAssert(SoftAssert.java:13)
at com.testng.SoftAssert.softAssert(SoftAssert.java:13)
at com.testng.SoftAssert.softAssert(SoftAssert.java:13)
at com.testng.SoftAssert.softAssert(SoftAssert.java:13)
at com.testng.SoftAssert.softAssert(SoftAssert.java:13)
at com.testng.SoftAssert.softAssert(SoftAssert.java:13)
at com.testng.SoftAssert.softAssert(SoftAssert.java:13)
at com.testng.SoftAssert.softAssert(SoftAssert.java:13)
at com.testng.SoftAssert.softAssert(SoftAssert.java:13)
at com.testng.SoftAssert.softAssert(SoftAssert.java:13)
at com.testng.SoftAssert.softAssert(SoftAssert.java:13)
at com.testng.SoftAssert.softAssert(SoftAssert.java:13)
at com.testng.SoftAssert.softAssert(SoftAssert.java:13)
at com.testng.SoftAssert.softAssert(SoftAssert.java:13)
at com.testng.SoftAssert.softAssert(SoftAssert.java:13)
at com.testng.SoftAssert.softAssert(SoftAssert.java:13)
at com.testng.SoftAssert.softAssert(SoftAssert.java:13)
at com.testng.SoftAssert.softAssert(SoftAssert.java:13)
at com.testng.SoftAssert.softAssert(SoftAssert.java:13)
at com.testng.SoftAssert.softAssert(SoftAssert.java:13)
at com.testng.SoftAssert.softAssert(SoftAssert.java:13)
at com.testng.SoftAssert.softAssert(SoftAssert.java:13)
at com.testng.SoftAssert.softAssert(SoftAssert.java:13)
at com.testng.SoftAssert.softAssert(SoftAssert.java:13)
at com.testng.SoftAssert.softAssert(SoftAssert.java:13)
at com.testng.SoftAssert.softAssert(SoftAssert.java:13)
at com.testng.SoftAssert.softAssert(SoftAssert.java:13)
at com.testng.SoftAssert.softAssert(SoftAssert.java:13)
at com.testng.SoftAssert.softAssert(SoftAssert.java:13)
at com.testng.SoftAssert.softAssert(SoftAssert.java:13)
at com.testng.SoftAssert.softAssert(SoftAssert.java:13)
at com.testng.SoftAssert.softAssert(SoftAssert.java:13)
at com.testng.SoftAssert.softAssert(SoftAssert.java:13)
at com.testng.SoftAssert.softAssert(SoftAssert.java:13)
at com.testng.SoftAssert.softAssert(SoftAssert.java:13)
at com.testng.SoftAssert.softAssert(SoftAssert.java:13)
at com.testng.SoftAssert.softAssert(SoftAssert.java:13)
at com.testng.SoftAssert.softAssert(SoftAssert.java:13)
at com.testng.SoftAssert.softAssert(SoftAssert.java:13)
at com.testng.SoftAssert.softAssert(SoftAssert.java:13)
at com.testng.SoftAssert.softAssert(SoftAssert.java:13)
at com.testng.SoftAssert.softAssert(SoftAssert.java:13)
at com.testng.SoftAssert.softAssert(SoftAssert.java:13)
at com.testng.SoftAssert.softAssert(SoftAssert.java:13)
at com.testng.SoftAssert.softAssert(SoftAssert.java:13)
at com.testng.SoftAssert.softAssert(SoftAssert.java:13)
at com.testng.SoftAssert.softAssert(SoftAssert.java:13)
at com.testng.SoftAssert.softAssert(SoftAssert.java:13)
at com.testng.SoftAssert.softAssert(SoftAssert.java:13)
at com.testng.SoftAssert.softAssert(SoftAssert.java:13)
at com.testng.SoftAssert.softAssert(SoftAssert.java:13)
at com.testng.SoftAssert.softAssert(SoftAssert.java:13)
at com.testng.SoftAssert.softAssert(SoftAssert.java:13)
at com.testng.SoftAssert.softAssert(SoftAssert.java:13)
at com.testng.SoftAssert.softAssert(SoftAssert.java:13)
at com.testng.SoftAssert.softAssert(SoftAssert.java:13)
at com.testng.SoftAssert.softAssert(SoftAssert.java:13)
at com.testng.SoftAssert.softAssert(SoftAssert.java:13)
at com.testng.SoftAssert.softAssert(SoftAssert.java:13)
at com.testng.SoftAssert.softAssert(SoftAssert.java:13)
at com.testng.SoftAssert.softAssert(SoftAssert.java:13)
at com.testng.SoftAssert.softAssert(SoftAssert.java:13)
at com.testng.SoftAssert.softAssert(SoftAssert.java:13)
at com.testng.SoftAssert.softAssert(SoftAssert.java:13)
at com.testng.SoftAssert.softAssert(SoftAssert.java:13)
at com.testng.SoftAssert.softAssert(SoftAssert.java:13)
at com.testng.SoftAssert.softAssert(SoftAssert.java:13)
at com.testng.SoftAssert.softAssert(SoftAssert.java:13)
at com.testng.SoftAssert.softAssert(SoftAssert.java:13)
at com.testng.SoftAssert.softAssert(SoftAssert.java:13)
at com.testng.SoftAssert.softAssert(SoftAssert.java:13)
at com.testng.SoftAssert.softAssert(SoftAssert.java:13)
at com.testng.SoftAssert.softAssert(SoftAssert.java:13)
at com.testng.SoftAssert.softAssert(SoftAssert.java:13)
at com.testng.SoftAssert.softAssert(SoftAssert.java:13)
at com.testng.SoftAssert.softAssert(SoftAssert.java:13)
at com.testng.SoftAssert.softAssert(SoftAssert.java:13)
at com.testng.SoftAssert.softAssert(SoftAssert.java:13)
at com.testng.SoftAssert.softAssert(SoftAssert.java:13)
at com.testng.SoftAssert.softAssert(SoftAssert.java:13)
at com.testng.SoftAssert.softAssert(SoftAssert.java:13)
at com.testng.SoftAssert.softAssert(SoftAssert.java:13)
at com.testng.SoftAssert.softAssert(SoftAssert.java:13)
at com.testng.SoftAssert.softAssert(SoftAssert.java:13)
at com.testng.SoftAssert.softAssert(SoftAssert.java:13)
at com.testng.SoftAssert.softAssert(SoftAssert.java:13)
at com.testng.SoftAssert.softAssert(SoftAssert.java:13)
at com.testng.SoftAssert.softAssert(SoftAssert.java:13)
at com.testng.SoftAssert.softAssert(SoftAssert.java:13)
at com.testng.SoftAssert.softAssert(SoftAssert.java:13)
at com.testng.SoftAssert.softAssert(SoftAssert.java:13)
at com.testng.SoftAssert.softAssert(SoftAssert.java:13)
at com.testng.SoftAssert.softAssert(SoftAssert.java:13)
at com.testng.SoftAssert.softAssert(SoftAssert.java:13)
at com.testng.SoftAssert.softAssert(SoftAssert.java:13)
at com.testng.SoftAssert.softAssert(SoftAssert.java:13)
at com.testng.SoftAssert.softAssert(SoftAssert.java:13)
at com.testng.SoftAssert.softAssert(SoftAssert.java:13)
at com.testng.SoftAssert.softAssert(SoftAssert.java:13)
at com.testng.SoftAssert.softAssert(SoftAssert.java:13)
at com.testng.SoftAssert.softAssert(SoftAssert.java:13)
at com.testng.SoftAssert.softAssert(SoftAssert.java:13)
at com.testng.SoftAssert.softAssert(SoftAssert.java:13)
at com.testng.SoftAssert.softAssert(SoftAssert.java:13)
at com.testng.SoftAssert.softAssert(SoftAssert.java:13)
at com.testng.SoftAssert.softAssert(SoftAssert.java:13)
at com.testng.SoftAssert.softAssert(SoftAssert.java:13)
at com.testng.SoftAssert.softAssert(SoftAssert.java:13)
at com.testng.SoftAssert.softAssert(SoftAssert.java:13)
at com.testng.SoftAssert.softAssert(SoftAssert.java:13)
at com.testng.SoftAssert.softAssert(SoftAssert.java:13)
at com.testng.SoftAssert.softAssert(SoftAssert.java:13)
at com.testng.SoftAssert.softAssert(SoftAssert.java:13)
at com.testng.SoftAssert.softAssert(SoftAssert.java:13)
at com.testng.SoftAssert.softAssert(SoftAssert.java:13)
at com.testng.SoftAssert.softAssert(SoftAssert.java:13)
at com.testng.SoftAssert.softAssert(SoftAssert.java:13)
at com.testng.SoftAssert.softAssert(SoftAssert.java:13)
at com.testng.SoftAssert.softAssert(SoftAssert.java:13)
at com.testng.SoftAssert.softAssert(SoftAssert.java:13)
at com.testng.SoftAssert.softAssert(SoftAssert.java:13)
at com.testng.SoftAssert.softAssert(SoftAssert.java:13)
at com.testng.SoftAssert.softAssert(SoftAssert.java:13)
at com.testng.SoftAssert.softAssert(SoftAssert.java:13)
at com.testng.SoftAssert.softAssert(SoftAssert.java:13)
at com.testng.SoftAssert.softAssert(SoftAssert.java:13)
at com.testng.SoftAssert.softAssert(SoftAssert.java:13)
at com.testng.SoftAssert.softAssert(SoftAssert.java:13)
at com.testng.SoftAssert.softAssert(SoftAssert.java:13)
at com.testng.SoftAssert.softAssert(SoftAssert.java:13)
at com.testng.SoftAssert.softAssert(SoftAssert.java:13)
at com.testng.SoftAssert.softAssert(SoftAssert.java:13)
at com.testng.SoftAssert.softAssert(SoftAssert.java:13)
at com.testng.SoftAssert.softAssert(SoftAssert.java:13)
at com.testng.SoftAssert.softAssert(SoftAssert.java:13)
at com.testng.SoftAssert.softAssert(SoftAssert.java:13)
at com.testng.SoftAssert.softAssert(SoftAssert.java:13)
at com.testng.SoftAssert.softAssert(SoftAssert.java:13)
at com.testng.SoftAssert.softAssert(SoftAssert.java:13)
at com.testng.SoftAssert.softAssert(SoftAssert.java:13)
at com.testng.SoftAssert.softAssert(SoftAssert.java:13)
at com.testng.SoftAssert.softAssert(SoftAssert.java:13)
at com.testng.SoftAssert.softAssert(SoftAssert.java:13)
at com.testng.SoftAssert.softAssert(SoftAssert.java:13)
at com.testng.SoftAssert.softAssert(SoftAssert.java:13)
at com.testng.SoftAssert.softAssert(SoftAssert.java:13)
at com.testng.SoftAssert.softAssert(SoftAssert.java:13)
at com.testng.SoftAssert.softAssert(SoftAssert.java:13)
at com.testng.SoftAssert.softAssert(SoftAssert.java:13)
at com.testng.SoftAssert.softAssert(SoftAssert.java:13)
at com.testng.SoftAssert.softAssert(SoftAssert.java:13)
at com.testng.SoftAssert.softAssert(SoftAssert.java:13)
at com.testng.SoftAssert.softAssert(SoftAssert.java:13)
at com.testng.SoftAssert.softAssert(SoftAssert.java:13)
at com.testng.SoftAssert.softAssert(SoftAssert.java:13)
at com.testng.SoftAssert.softAssert(SoftAssert.java:13)
at com.testng.SoftAssert.softAssert(SoftAssert.java:13)
at com.testng.SoftAssert.softAssert(SoftAssert.java:13)
at com.testng.SoftAssert.softAssert(SoftAssert.java:13)
at com.testng.SoftAssert.softAssert(SoftAssert.java:13)
at com.testng.SoftAssert.softAssert(SoftAssert.java:13)
at com.testng.SoftAssert.softAssert(SoftAssert.java:13)
at com.testng.SoftAssert.softAssert(SoftAssert.java:13)
at com.testng.SoftAssert.softAssert(SoftAssert.java:13)
at com.testng.SoftAssert.softAssert(SoftAssert.java:13)
at com.testng.SoftAssert.softAssert(SoftAssert.java:13)
at com.testng.SoftAssert.softAssert(SoftAssert.java:13)
at com.testng.SoftAssert.softAssert(SoftAssert.java:13)
at com.testng.SoftAssert.softAssert(SoftAssert.java:13)
at com.testng.SoftAssert.softAssert(SoftAssert.java:13)
at com.testng.SoftAssert.softAssert(SoftAssert.java:13)
at com.testng.SoftAssert.softAssert(SoftAssert.java:13)
at com.testng.SoftAssert.softAssert(SoftAssert.java:13)
at com.testng.SoftAssert.softAssert(SoftAssert.java:13)
at com.testng.SoftAssert.softAssert(SoftAssert.java:13)
at com.testng.SoftAssert.softAssert(SoftAssert.java:13)
at com.testng.SoftAssert.softAssert(SoftAssert.java:13)
at com.testng.SoftAssert.softAssert(SoftAssert.java:13)
at com.testng.SoftAssert.softAssert(SoftAssert.java:13)
at com.testng.SoftAssert.softAssert(SoftAssert.java:13)
at com.testng.SoftAssert.softAssert(SoftAssert.java:13)
at com.testng.SoftAssert.softAssert(SoftAssert.java:13)
at com.testng.SoftAssert.softAssert(SoftAssert.java:13)
at com.testng.SoftAssert.softAssert(SoftAssert.java:13)
at com.testng.SoftAssert.softAssert(SoftAssert.java:13)
at com.testng.SoftAssert.softAssert(SoftAssert.java:13)
at com.testng.SoftAssert.softAssert(SoftAssert.java:13)
at com.testng.SoftAssert.softAssert(SoftAssert.java:13)
at com.testng.SoftAssert.softAssert(SoftAssert.java:13)
at com.testng.SoftAssert.softAssert(SoftAssert.java:13)
at com.testng.SoftAssert.softAssert(SoftAssert.java:13)
at com.testng.SoftAssert.softAssert(SoftAssert.java:13)
at com.testng.SoftAssert.softAssert(SoftAssert.java:13)
at com.testng.SoftAssert.softAssert(SoftAssert.java:13)
at com.testng.SoftAssert.softAssert(SoftAssert.java:13)
at com.testng.SoftAssert.softAssert(SoftAssert.java:13)
at com.testng.SoftAssert.softAssert(SoftAssert.java:13)
at com.testng.SoftAssert.softAssert(SoftAssert.java:13)
at com.testng.SoftAssert.softAssert(SoftAssert.java:13)
at com.testng.SoftAssert.softAssert(SoftAssert.java:13)
at com.testng.SoftAssert.softAssert(SoftAssert.java:13)
at com.testng.SoftAssert.softAssert(SoftAssert.java:13)
at com.testng.SoftAssert.softAssert(SoftAssert.java:13)
at com.testng.SoftAssert.softAssert(SoftAssert.java:13)
at com.testng.SoftAssert.softAssert(SoftAssert.java:13)
at com.testng.SoftAssert.softAssert(SoftAssert.java:13)
at com.testng.SoftAssert.softAssert(SoftAssert.java:13)
at com.testng.SoftAssert.softAssert(SoftAssert.java:13)
at com.testng.SoftAssert.softAssert(SoftAssert.java:13)
at com.testng.SoftAssert.softAssert(SoftAssert.java:13)
at com.testng.SoftAssert.softAssert(SoftAssert.java:13)
at com.testng.SoftAssert.softAssert(SoftAssert.java:13)
at com.testng.SoftAssert.softAssert(SoftAssert.java:13)
at com.testng.SoftAssert.softAssert(SoftAssert.java:13)
at com.testng.SoftAssert.softAssert(SoftAssert.java:13)
at com.testng.SoftAssert.softAssert(SoftAssert.java:13)
at com.testng.SoftAssert.softAssert(SoftAssert.java:13)
at com.testng.SoftAssert.softAssert(SoftAssert.java:13)
at com.testng.SoftAssert.softAssert(SoftAssert.java:13)
at com.testng.SoftAssert.softAssert(SoftAssert.java:13)
at com.testng.SoftAssert.softAssert(SoftAssert.java:13)
at com.testng.SoftAssert.softAssert(SoftAssert.java:13)
at com.testng.SoftAssert.softAssert(SoftAssert.java:13)
at com.testng.SoftAssert.softAssert(SoftAssert.java:13)
at com.testng.SoftAssert.softAssert(SoftAssert.java:13)
at com.testng.SoftAssert.softAssert(SoftAssert.java:13)
at com.testng.SoftAssert.softAssert(SoftAssert.java:13)
at com.testng.SoftAssert.softAssert(SoftAssert.java:13)
at com.testng.SoftAssert.softAssert(SoftAssert.java:13)
at com.testng.SoftAssert.softAssert(SoftAssert.java:13)
at com.testng.SoftAssert.softAssert(SoftAssert.java:13)
at com.testng.SoftAssert.softAssert(SoftAssert.java:13)
at com.testng.SoftAssert.softAssert(SoftAssert.java:13)
at com.testng.SoftAssert.softAssert(SoftAssert.java:13)
at com.testng.SoftAssert.softAssert(SoftAssert.java:13)
at com.testng.SoftAssert.softAssert(SoftAssert.java:13)
at com.testng.SoftAssert.softAssert(SoftAssert.java:13)
at com.testng.SoftAssert.softAssert(SoftAssert.java:13)
at com.testng.SoftAssert.softAssert(SoftAssert.java:13)
at com.testng.SoftAssert.softAssert(SoftAssert.java:13)
at com.testng.SoftAssert.softAssert(SoftAssert.java:13)
at com.testng.SoftAssert.softAssert(SoftAssert.java:13)
at com.testng.SoftAssert.softAssert(SoftAssert.java:13)
at com.testng.SoftAssert.softAssert(SoftAssert.java:13)
at com.testng.SoftAssert.softAssert(SoftAssert.java:13)
at com.testng.SoftAssert.softAssert(SoftAssert.java:13)
at com.testng.SoftAssert.softAssert(SoftAssert.java:13)
at com.testng.SoftAssert.softAssert(SoftAssert.java:13)
at com.testng.SoftAssert.softAssert(SoftAssert.java:13)
at com.testng.SoftAssert.softAssert(SoftAssert.java:13)
at com.testng.SoftAssert.softAssert(SoftAssert.java:13)
at com.testng.SoftAssert.softAssert(SoftAssert.java:13)
at com.testng.SoftAssert.softAssert(SoftAssert.java:13)
at com.testng.SoftAssert.softAssert(SoftAssert.java:13)
at com.testng.SoftAssert.softAssert(SoftAssert.java:13)
at com.testng.SoftAssert.softAssert(SoftAssert.java:13)
at com.testng.SoftAssert.softAssert(SoftAssert.java:13)
at com.testng.SoftAssert.softAssert(SoftAssert.java:13)
at com.testng.SoftAssert.softAssert(SoftAssert.java:13)
at com.testng.SoftAssert.softAssert(SoftAssert.java:13)
at com.testng.SoftAssert.softAssert(SoftAssert.java:13)
at com.testng.SoftAssert.softAssert(SoftAssert.java:13)
at com.testng.SoftAssert.softAssert(SoftAssert.java:13)
at com.testng.SoftAssert.softAssert(SoftAssert.java:13)
at com.testng.SoftAssert.softAssert(SoftAssert.java:13)
at com.testng.SoftAssert.softAssert(SoftAssert.java:13)
at com.testng.SoftAssert.softAssert(SoftAssert.java:13)
at com.testng.SoftAssert.softAssert(SoftAssert.java:13)
at com.testng.SoftAssert.softAssert(SoftAssert.java:13)
at com.testng.SoftAssert.softAssert(SoftAssert.java:13)
at com.testng.SoftAssert.softAssert(SoftAssert.java:13)
at com.testng.SoftAssert.softAssert(SoftAssert.java:13)
at com.testng.SoftAssert.softAssert(SoftAssert.java:13)
at com.testng.SoftAssert.softAssert(SoftAssert.java:13)
at com.testng.SoftAssert.softAssert(SoftAssert.java:13)
at com.testng.SoftAssert.softAssert(SoftAssert.java:13)
at com.testng.SoftAssert.softAssert(SoftAssert.java:13)
at com.testng.SoftAssert.softAssert(SoftAssert.java:13)
at com.testng.SoftAssert.softAssert(SoftAssert.java:13)
at com.testng.SoftAssert.softAssert(SoftAssert.java:13)
at com.testng.SoftAssert.softAssert(SoftAssert.java:13)
at com.testng.SoftAssert.softAssert(SoftAssert.java:13)
at com.testng.SoftAssert.softAssert(SoftAssert.java:13)
at com.testng.SoftAssert.softAssert(SoftAssert.java:13)
at com.testng.SoftAssert.softAssert(SoftAssert.java:13)
at com.testng.SoftAssert.softAssert(SoftAssert.java:13)
at com.testng.SoftAssert.softAssert(SoftAssert.java:13)
at com.testng.SoftAssert.softAssert(SoftAssert.java:13)
at com.testng.SoftAssert.softAssert(SoftAssert.java:13)
at com.testng.SoftAssert.softAssert(SoftAssert.java:13)
at com.testng.SoftAssert.softAssert(SoftAssert.java:13)
at com.testng.SoftAssert.softAssert(SoftAssert.java:13)
at com.testng.SoftAssert.softAssert(SoftAssert.java:13)
at com.testng.SoftAssert.softAssert(SoftAssert.java:13)
at com.testng.SoftAssert.softAssert(SoftAssert.java:13)
at com.testng.SoftAssert.softAssert(SoftAssert.java:13)
at com.testng.SoftAssert.softAssert(SoftAssert.java:13)
at com.testng.SoftAssert.softAssert(SoftAssert.java:13)
at com.testng.SoftAssert.softAssert(SoftAssert.java:13)
at com.testng.SoftAssert.softAssert(SoftAssert.java:13)
at com.testng.SoftAssert.softAssert(SoftAssert.java:13)
at com.testng.SoftAssert.softAssert(SoftAssert.java:13)
at com.testng.SoftAssert.softAssert(SoftAssert.java:13)
at com.testng.SoftAssert.softAssert(SoftAssert.java:13)
at com.testng.SoftAssert.softAssert(SoftAssert.java:13)
at com.testng.SoftAssert.softAssert(SoftAssert.java:13)
at com.testng.SoftAssert.softAssert(SoftAssert.java:13)
at com.testng.SoftAssert.softAssert(SoftAssert.java:13)
at com.testng.SoftAssert.softAssert(SoftAssert.java:13)
at com.testng.SoftAssert.softAssert(SoftAssert.java:13)
at com.testng.SoftAssert.softAssert(SoftAssert.java:13)
at com.testng.SoftAssert.softAssert(SoftAssert.java:13)
at com.testng.SoftAssert.softAssert(SoftAssert.java:13)
at com.testng.SoftAssert.softAssert(SoftAssert.java:13)
at com.testng.SoftAssert.softAssert(SoftAssert.java:13)
at com.testng.SoftAssert.softAssert(SoftAssert.java:13)
at com.testng.SoftAssert.softAssert(SoftAssert.java:13)
at com.testng.SoftAssert.softAssert(SoftAssert.java:13)
at com.testng.SoftAssert.softAssert(SoftAssert.java:13)
at com.testng.SoftAssert.softAssert(SoftAssert.java:13)
at com.testng.SoftAssert.softAssert(SoftAssert.java:13)
at com.testng.SoftAssert.softAssert(SoftAssert.java:13)
at com.testng.SoftAssert.softAssert(SoftAssert.java:13)
at com.testng.SoftAssert.softAssert(SoftAssert.java:13)
at com.testng.SoftAssert.softAssert(SoftAssert.java:13)
at com.testng.SoftAssert.softAssert(SoftAssert.java:13)
at com.testng.SoftAssert.softAssert(SoftAssert.java:13)
at com.testng.SoftAssert.softAssert(SoftAssert.java:13)
at com.testng.SoftAssert.softAssert(SoftAssert.java:13)
at com.testng.SoftAssert.softAssert(SoftAssert.java:13)
at com.testng.SoftAssert.softAssert(SoftAssert.java:13)
at com.testng.SoftAssert.softAssert(SoftAssert.java:13)
at com.testng.SoftAssert.softAssert(SoftAssert.java:13)
at com.testng.SoftAssert.softAssert(SoftAssert.java:13)
at com.testng.SoftAssert.softAssert(SoftAssert.java:13)
at com.testng.SoftAssert.softAssert(SoftAssert.java:13)
at com.testng.SoftAssert.softAssert(SoftAssert.java:13)
at com.testng.SoftAssert.softAssert(SoftAssert.java:13)
at com.testng.SoftAssert.softAssert(SoftAssert.java:13)
at com.testng.SoftAssert.softAssert(SoftAssert.java:13)
at com.testng.SoftAssert.softAssert(SoftAssert.java:13)
at com.testng.SoftAssert.softAssert(SoftAssert.java:13)
at com.testng.SoftAssert.softAssert(SoftAssert.java:13)
at com.testng.SoftAssert.softAssert(SoftAssert.java:13)
at com.testng.SoftAssert.softAssert(SoftAssert.java:13)
at com.testng.SoftAssert.softAssert(SoftAssert.java:13)
at com.testng.SoftAssert.softAssert(SoftAssert.java:13)
at com.testng.SoftAssert.softAssert(SoftAssert.java:13)
at com.testng.SoftAssert.softAssert(SoftAssert.java:13)
at com.testng.SoftAssert.softAssert(SoftAssert.java:13)
at com.testng.SoftAssert.softAssert(SoftAssert.java:13)
at com.testng.SoftAssert.softAssert(SoftAssert.java:13)
at com.testng.SoftAssert.softAssert(SoftAssert.java:13)
at com.testng.SoftAssert.softAssert(SoftAssert.java:13)
at com.testng.SoftAssert.softAssert(SoftAssert.java:13)
at com.testng.SoftAssert.softAssert(SoftAssert.java:13)
at com.testng.SoftAssert.softAssert(SoftAssert.java:13)
at com.testng.SoftAssert.softAssert(SoftAssert.java:13)
at com.testng.SoftAssert.softAssert(SoftAssert.java:13)
at com.testng.SoftAssert.softAssert(SoftAssert.java:13)
at com.testng.SoftAssert.softAssert(SoftAssert.java:13)
at com.testng.SoftAssert.softAssert(SoftAssert.java:13)
at com.testng.SoftAssert.softAssert(SoftAssert.java:13)
at com.testng.SoftAssert.softAssert(SoftAssert.java:13)
at com.testng.SoftAssert.softAssert(SoftAssert.java:13)
at com.testng.SoftAssert.softAssert(SoftAssert.java:13)
at com.testng.SoftAssert.softAssert(SoftAssert.java:13)
at com.testng.SoftAssert.softAssert(SoftAssert.java:13)
at com.testng.SoftAssert.softAssert(SoftAssert.java:13)
at com.testng.SoftAssert.softAssert(SoftAssert.java:13)
at com.testng.SoftAssert.softAssert(SoftAssert.java:13)
at com.testng.SoftAssert.softAssert(SoftAssert.java:13)
at com.testng.SoftAssert.softAssert(SoftAssert.java:13)
at com.testng.SoftAssert.softAssert(SoftAssert.java:13)
at com.testng.SoftAssert.softAssert(SoftAssert.java:13)
at com.testng.SoftAssert.softAssert(SoftAssert.java:13)
at com.testng.SoftAssert.softAssert(SoftAssert.java:13)
at com.testng.SoftAssert.softAssert(SoftAssert.java:13)
at com.testng.SoftAssert.softAssert(SoftAssert.java:13)
at com.testng.SoftAssert.softAssert(SoftAssert.java:13)
at com.testng.SoftAssert.softAssert(SoftAssert.java:13)
at com.testng.SoftAssert.softAssert(SoftAssert.java:13)
at com.testng.SoftAssert.softAssert(SoftAssert.java:13)
at com.testng.SoftAssert.softAssert(SoftAssert.java:13)
at com.testng.SoftAssert.softAssert(SoftAssert.java:13)
at com.testng.SoftAssert.softAssert(SoftAssert.java:13)
at com.testng.SoftAssert.softAssert(SoftAssert.java:13)
at com.testng.SoftAssert.softAssert(SoftAssert.java:13)
at com.testng.SoftAssert.softAssert(SoftAssert.java:13)
at com.testng.SoftAssert.softAssert(SoftAssert.java:13)
at com.testng.SoftAssert.softAssert(SoftAssert.java:13)
at com.testng.SoftAssert.softAssert(SoftAssert.java:13)
at com.testng.SoftAssert.softAssert(SoftAssert.java:13)
at com.testng.SoftAssert.softAssert(SoftAssert.java:13)
at com.testng.SoftAssert.softAssert(SoftAssert.java:13)
at com.testng.SoftAssert.softAssert(SoftAssert.java:13)
at com.testng.SoftAssert.softAssert(SoftAssert.java:13)
at com.testng.SoftAssert.softAssert(SoftAssert.java:13)
at com.testng.SoftAssert.softAssert(SoftAssert.java:13)
at com.testng.SoftAssert.softAssert(SoftAssert.java:13)
at com.testng.SoftAssert.softAssert(SoftAssert.java:13)
at com.testng.SoftAssert.softAssert(SoftAssert.java:13)
at com.testng.SoftAssert.softAssert(SoftAssert.java:13)
at com.testng.SoftAssert.softAssert(SoftAssert.java:13)
at com.testng.SoftAssert.softAssert(SoftAssert.java:13)
at com.testng.SoftAssert.softAssert(SoftAssert.java:13)
at com.testng.SoftAssert.softAssert(SoftAssert.java:13)
at com.testng.SoftAssert.softAssert(SoftAssert.java:13)
at com.testng.SoftAssert.softAssert(SoftAssert.java:13)
at com.testng.SoftAssert.softAssert(SoftAssert.java:13)
at com.testng.SoftAssert.softAssert(SoftAssert.java:13)
at com.testng.SoftAssert.softAssert(SoftAssert.java:13)
at com.testng.SoftAssert.softAssert(SoftAssert.java:13)
at com.testng.SoftAssert.softAssert(SoftAssert.java:13)
at com.testng.SoftAssert.softAssert(SoftAssert.java:13)
at com.testng.SoftAssert.softAssert(SoftAssert.java:13)
at com.testng.SoftAssert.softAssert(SoftAssert.java:13)
at com.testng.SoftAssert.softAssert(SoftAssert.java:13)
at com.testng.SoftAssert.softAssert(SoftAssert.java:13)
at com.testng.SoftAssert.softAssert(SoftAssert.java:13)
at com.testng.SoftAssert.softAssert(SoftAssert.java:13)
at com.testng.SoftAssert.softAssert(SoftAssert.java:13)
at com.testng.SoftAssert.softAssert(SoftAssert.java:13)
at com.testng.SoftAssert.softAssert(SoftAssert.java:13)
at com.testng.SoftAssert.softAssert(SoftAssert.java:13)
at com.testng.SoftAssert.softAssert(SoftAssert.java:13)
at com.testng.SoftAssert.softAssert(SoftAssert.java:13)
at com.testng.SoftAssert.softAssert(SoftAssert.java:13)
at com.testng.SoftAssert.softAssert(SoftAssert.java:13)
at com.testng.SoftAssert.softAssert(SoftAssert.java:13)
at com.testng.SoftAssert.softAssert(SoftAssert.java:13)
at com.testng.SoftAssert.softAssert(SoftAssert.java:13)
at com.testng.SoftAssert.softAssert(SoftAssert.java:13)
at com.testng.SoftAssert.softAssert(SoftAssert.java:13)
at com.testng.SoftAssert.softAssert(SoftAssert.java:13)
at com.testng.SoftAssert.softAssert(SoftAssert.java:13)
at com.testng.SoftAssert.softAssert(SoftAssert.java:13)
at com.testng.SoftAssert.softAssert(SoftAssert.java:13)
at com.testng.SoftAssert.softAssert(SoftAssert.java:13)
at com.testng.SoftAssert.softAssert(SoftAssert.java:13)
at com.testng.SoftAssert.softAssert(SoftAssert.java:13)
at com.testng.SoftAssert.softAssert(SoftAssert.java:13)
at com.testng.SoftAssert.softAssert(SoftAssert.java:13)
at com.testng.SoftAssert.softAssert(SoftAssert.java:13)
at com.testng.SoftAssert.softAssert(SoftAssert.java:13)
at com.testng.SoftAssert.softAssert(SoftAssert.java:13)
at com.testng.SoftAssert.softAssert(SoftAssert.java:13)
at com.testng.SoftAssert.softAssert(SoftAssert.java:13)
at com.testng.SoftAssert.softAssert(SoftAssert.java:13)
at com.testng.SoftAssert.softAssert(SoftAssert.java:13)
at com.testng.SoftAssert.softAssert(SoftAssert.java:13)
at com.testng.SoftAssert.softAssert(SoftAssert.java:13)
at com.testng.SoftAssert.softAssert(SoftAssert.java:13)
at com.testng.SoftAssert.softAssert(SoftAssert.java:13)
at com.testng.SoftAssert.softAssert(SoftAssert.java:13)
at com.testng.SoftAssert.softAssert(SoftAssert.java:13)
at com.testng.SoftAssert.softAssert(SoftAssert.java:13)
at com.testng.SoftAssert.softAssert(SoftAssert.java:13)
at com.testng.SoftAssert.softAssert(SoftAssert.java:13)
at com.testng.SoftAssert.softAssert(SoftAssert.java:13)
at com.testng.SoftAssert.softAssert(SoftAssert.java:13)
at com.testng.SoftAssert.softAssert(SoftAssert.java:13)
at com.testng.SoftAssert.softAssert(SoftAssert.java:13)
at com.testng.SoftAssert.softAssert(SoftAssert.java:13)
at com.testng.SoftAssert.softAssert(SoftAssert.java:13)
at com.testng.SoftAssert.softAssert(SoftAssert.java:13)
at com.testng.SoftAssert.softAssert(SoftAssert.java:13)
at com.testng.SoftAssert.softAssert(SoftAssert.java:13)
at com.testng.SoftAssert.softAssert(SoftAssert.java:13)
at com.testng.SoftAssert.softAssert(SoftAssert.java:13)
at com.testng.SoftAssert.softAssert(SoftAssert.java:13)
at com.testng.SoftAssert.softAssert(SoftAssert.java:13)
at com.testng.SoftAssert.softAssert(SoftAssert.java:13)
at com.testng.SoftAssert.softAssert(SoftAssert.java:13)
at com.testng.SoftAssert.softAssert(SoftAssert.java:13)
at com.testng.SoftAssert.softAssert(SoftAssert.java:13)
at com.testng.SoftAssert.softAssert(SoftAssert.java:13)
at com.testng.SoftAssert.softAssert(SoftAssert.java:13)
at com.testng.SoftAssert.softAssert(SoftAssert.java:13)
at com.testng.SoftAssert.softAssert(SoftAssert.java:13)
at com.testng.SoftAssert.softAssert(SoftAssert.java:13)
at com.testng.SoftAssert.softAssert(SoftAssert.java:13)
at com.testng.SoftAssert.softAssert(SoftAssert.java:13)
at com.testng.SoftAssert.softAssert(SoftAssert.java:13)
at com.testng.SoftAssert.softAssert(SoftAssert.java:13)
at com.testng.SoftAssert.softAssert(SoftAssert.java:13)
at com.testng.SoftAssert.softAssert(SoftAssert.java:13)
at com.testng.SoftAssert.softAssert(SoftAssert.java:13)
at com.testng.SoftAssert.softAssert(SoftAssert.java:13)
at com.testng.SoftAssert.softAssert(SoftAssert.java:13)
at com.testng.SoftAssert.softAssert(SoftAssert.java:13)
at com.testng.SoftAssert.softAssert(SoftAssert.java:13)
at com.testng.SoftAssert.softAssert(SoftAssert.java:13)
at com.testng.SoftAssert.softAssert(SoftAssert.java:13)
at com.testng.SoftAssert.softAssert(SoftAssert.java:13)
at com.testng.SoftAssert.softAssert(SoftAssert.java:13)
at com.testng.SoftAssert.softAssert(SoftAssert.java:13)
at com.testng.SoftAssert.softAssert(SoftAssert.java:13)
at com.testng.SoftAssert.softAssert(SoftAssert.java:13)
at com.testng.SoftAssert.softAssert(SoftAssert.java:13)
at com.testng.SoftAssert.softAssert(SoftAssert.java:13)
at com.testng.SoftAssert.softAssert(SoftAssert.java:13)
at com.testng.SoftAssert.softAssert(SoftAssert.java:13)
at com.testng.SoftAssert.softAssert(SoftAssert.java:13)
at com.testng.SoftAssert.softAssert(SoftAssert.java:13)
at com.testng.SoftAssert.softAssert(SoftAssert.java:13)
at com.testng.SoftAssert.softAssert(SoftAssert.java:13)
at com.testng.SoftAssert.softAssert(SoftAssert.java:13)
at com.testng.SoftAssert.softAssert(SoftAssert.java:13)
at com.testng.SoftAssert.softAssert(SoftAssert.java:13)
at com.testng.SoftAssert.softAssert(SoftAssert.java:13)
at com.testng.SoftAssert.softAssert(SoftAssert.java:13)
at com.testng.SoftAssert.softAssert(SoftAssert.java:13)
at com.testng.SoftAssert.softAssert(SoftAssert.java:13)
at com.testng.SoftAssert.softAssert(SoftAssert.java:13)
at com.testng.SoftAssert.softAssert(SoftAssert.java:13)
at com.testng.SoftAssert.softAssert(SoftAssert.java:13)
at com.testng.SoftAssert.softAssert(SoftAssert.java:13)
at com.testng.SoftAssert.softAssert(SoftAssert.java:13)
at com.testng.SoftAssert.softAssert(SoftAssert.java:13)
at com.testng.SoftAssert.softAssert(SoftAssert.java:13)
at com.testng.SoftAssert.softAssert(SoftAssert.java:13)
at com.testng.SoftAssert.softAssert(SoftAssert.java:13)
at com.testng.SoftAssert.softAssert(SoftAssert.java:13)
at com.testng.SoftAssert.softAssert(SoftAssert.java:13)
at com.testng.SoftAssert.softAssert(SoftAssert.java:13)
at com.testng.SoftAssert.softAssert(SoftAssert.java:13)
at com.testng.SoftAssert.softAssert(SoftAssert.java:13)
at com.testng.SoftAssert.softAssert(SoftAssert.java:13)
at com.testng.SoftAssert.softAssert(SoftAssert.java:13)
at com.testng.SoftAssert.softAssert(SoftAssert.java:13)
at com.testng.SoftAssert.softAssert(SoftAssert.java:13)
at com.testng.SoftAssert.softAssert(SoftAssert.java:13)
at com.testng.SoftAssert.softAssert(SoftAssert.java:13)
at com.testng.SoftAssert.softAssert(SoftAssert.java:13)
at com.testng.SoftAssert.softAssert(SoftAssert.java:13)
at com.testng.SoftAssert.softAssert(SoftAssert.java:13)
]]>
            </full-stacktrace>
          </exception> <!-- java.lang.StackOverflowError -->
          <reporter-output>
          </reporter-output>
        </test-method> <!-- softAssert -->
      </class> <!-- com.testng.SoftAssert -->
    </test> <!-- Default test -->
  </suite> <!-- Default suite -->
</testng-results>
